{
    "DBInstances": [
        {
            "PubliclyAccessible": true, 
            "MasterUsername": "islagencyadmin", 
            "MonitoringInterval": 0, 
            "LicenseModel": "general-public-license", 
            "VpcSecurityGroups": [
                {
                    "Status": "active", 
                    "VpcSecurityGroupId": "sg-038bb5e075e54867a"
                }, 
                {
                    "Status": "active", 
                    "VpcSecurityGroupId": "sg-0dd0e1849eab34d01"
                }
            ], 
            "InstanceCreateTime": "2019-04-15T22:26:10.955Z", 
            "CopyTagsToSnapshot": true, 
            "OptionGroupMemberships": [
                {
                    "Status": "in-sync", 
                    "OptionGroupName": "default:mariadb-10-3"
                }
            ], 
            "PendingModifiedValues": {}, 
            "Engine": "mariadb", 
            "MultiAZ": false, 
            "LatestRestorableTime": "2020-02-03T03:20:00Z", 
            "DBSecurityGroups": [], 
            "DBParameterGroups": [
                {
                    "DBParameterGroupName": "shokesp2", 
                    "ParameterApplyStatus": "in-sync"
                }
            ], 
            "PerformanceInsightsEnabled": false, 
            "AutoMinorVersionUpgrade": true, 
            "PreferredBackupWindow": "09:59-10:29", 
            "DBSubnetGroup": {
                "Subnets": [
                    {
                        "SubnetStatus": "Active", 
                        "SubnetIdentifier": "subnet-dcbab496", 
                        "SubnetAvailabilityZone": {
                            "Name": "us-east-1a"
                        }
                    }, 
                    {
                        "SubnetStatus": "Active", 
                        "SubnetIdentifier": "subnet-6f665560", 
                        "SubnetAvailabilityZone": {
                            "Name": "us-east-1f"
                        }
                    }, 
                    {
                        "SubnetStatus": "Active", 
                        "SubnetIdentifier": "subnet-4bd1aa17", 
                        "SubnetAvailabilityZone": {
                            "Name": "us-east-1b"
                        }
                    }, 
                    {
                        "SubnetStatus": "Active", 
                        "SubnetIdentifier": "subnet-38dc5106", 
                        "SubnetAvailabilityZone": {
                            "Name": "us-east-1e"
                        }
                    }, 
                    {
                        "SubnetStatus": "Active", 
                        "SubnetIdentifier": "subnet-c989f7ae", 
                        "SubnetAvailabilityZone": {
                            "Name": "us-east-1c"
                        }
                    }, 
                    {
                        "SubnetStatus": "Active", 
                        "SubnetIdentifier": "subnet-58df9a76", 
                        "SubnetAvailabilityZone": {
                            "Name": "us-east-1d"
                        }
                    }
                ], 
                "DBSubnetGroupName": "default", 
                "VpcId": "vpc-9d42c8e7", 
                "DBSubnetGroupDescription": "default", 
                "SubnetGroupStatus": "Complete"
            }, 
            "ReadReplicaDBInstanceIdentifiers": [], 
            "AllocatedStorage": 20, 
            "DBInstanceArn": "arn:aws:rds:us-east-1:567971310949:db:islagency", 
            "BackupRetentionPeriod": 7, 
            "DBName": "islagency", 
            "PreferredMaintenanceWindow": "tue:05:13-tue:05:43", 
            "Endpoint": {
                "HostedZoneId": "Z2R2ITUGPM61AM", 
                "Port": 3306, 
                "Address": "islagency.ctcnpt9ust9r.us-east-1.rds.amazonaws.com"
            }, 
            "DBInstanceStatus": "available", 
            "IAMDatabaseAuthenticationEnabled": false, 
            "EngineVersion": "10.3.8", 
            "AvailabilityZone": "us-east-1d", 
            "DomainMemberships": [], 
            "StorageType": "gp2", 
            "DbiResourceId": "db-N3LCOKFCYJZZ53LE6LWUMMHTAE", 
            "CACertificateIdentifier": "rds-ca-2019", 
            "StorageEncrypted": false, 
            "DBInstanceClass": "db.t2.micro", 
            "DbInstancePort": 0, 
            "DBInstanceIdentifier": "islagency"
        }, 
        {
            "PubliclyAccessible": true, 
            "MasterUsername": "islagencyadmin", 
            "MonitoringInterval": 0, 
            "LicenseModel": "general-public-license", 
            "VpcSecurityGroups": [
                {
                    "Status": "active", 
                    "VpcSecurityGroupId": "sg-04876962f38bd0fd3"
                }
            ], 
            "InstanceCreateTime": "2019-07-26T19:55:52.262Z", 
            "CopyTagsToSnapshot": true, 
            "OptionGroupMemberships": [
                {
                    "Status": "in-sync", 
                    "OptionGroupName": "default:mariadb-10-2"
                }
            ], 
            "PendingModifiedValues": {}, 
            "Engine": "mariadb", 
            "MultiAZ": false, 
            "LatestRestorableTime": "2020-02-03T03:20:00Z", 
            "DBSecurityGroups": [], 
            "DBParameterGroups": [
                {
                    "DBParameterGroupName": "default.mariadb10.2", 
                    "ParameterApplyStatus": "in-sync"
                }
            ], 
            "PerformanceInsightsEnabled": false, 
            "AutoMinorVersionUpgrade": true, 
            "PreferredBackupWindow": "07:43-08:13", 
            "DBSubnetGroup": {
                "Subnets": [
                    {
                        "SubnetStatus": "Active", 
                        "SubnetIdentifier": "subnet-dcbab496", 
                        "SubnetAvailabilityZone": {
                            "Name": "us-east-1a"
                        }
                    }, 
                    {
                        "SubnetStatus": "Active", 
                        "SubnetIdentifier": "subnet-6f665560", 
                        "SubnetAvailabilityZone": {
                            "Name": "us-east-1f"
                        }
                    }, 
                    {
                        "SubnetStatus": "Active", 
                        "SubnetIdentifier": "subnet-4bd1aa17", 
                        "SubnetAvailabilityZone": {
                            "Name": "us-east-1b"
                        }
                    }, 
                    {
                        "SubnetStatus": "Active", 
                        "SubnetIdentifier": "subnet-38dc5106", 
                        "SubnetAvailabilityZone": {
                            "Name": "us-east-1e"
                        }
                    }, 
                    {
                        "SubnetStatus": "Active", 
                        "SubnetIdentifier": "subnet-c989f7ae", 
                        "SubnetAvailabilityZone": {
                            "Name": "us-east-1c"
                        }
                    }, 
                    {
                        "SubnetStatus": "Active", 
                        "SubnetIdentifier": "subnet-58df9a76", 
                        "SubnetAvailabilityZone": {
                            "Name": "us-east-1d"
                        }
                    }
                ], 
                "DBSubnetGroupName": "default", 
                "VpcId": "vpc-9d42c8e7", 
                "DBSubnetGroupDescription": "default", 
                "SubnetGroupStatus": "Complete"
            }, 
            "ReadReplicaDBInstanceIdentifiers": [], 
            "AllocatedStorage": 20, 
            "DBInstanceArn": "arn:aws:rds:us-east-1:567971310949:db:islagencypro", 
            "BackupRetentionPeriod": 7, 
            "DBName": "islagency_pro", 
            "PreferredMaintenanceWindow": "wed:06:09-wed:06:39", 
            "Endpoint": {
                "HostedZoneId": "Z2R2ITUGPM61AM", 
                "Port": 3306, 
                "Address": "islagencypro.ctcnpt9ust9r.us-east-1.rds.amazonaws.com"
            }, 
            "DBInstanceStatus": "available", 
            "IAMDatabaseAuthenticationEnabled": false, 
            "EngineVersion": "10.2.21", 
            "AvailabilityZone": "us-east-1b", 
            "DomainMemberships": [], 
            "StorageType": "gp2", 
            "DbiResourceId": "db-CYXDE3VLXI27GXTUGLKKXW5Q6Q", 
            "CACertificateIdentifier": "rds-ca-2019", 
            "StorageEncrypted": false, 
            "DBInstanceClass": "db.t2.micro", 
            "DbInstancePort": 0, 
            "DBInstanceIdentifier": "islagencypro"
        }, 
        {
            "PubliclyAccessible": true, 
            "MasterUsername": "admin", 
            "MonitoringInterval": 60, 
            "LicenseModel": "general-public-license", 
            "VpcSecurityGroups": [
                {
                    "Status": "active", 
                    "VpcSecurityGroupId": "sg-0dd0e1849eab34d01"
                }
            ], 
            "InstanceCreateTime": "2019-12-02T21:05:03.712Z", 
            "CopyTagsToSnapshot": true, 
            "OptionGroupMemberships": [
                {
                    "Status": "in-sync", 
                    "OptionGroupName": "default:mariadb-10-2"
                }
            ], 
            "PendingModifiedValues": {}, 
            "Engine": "mariadb", 
            "MultiAZ": true, 
            "LatestRestorableTime": "2020-02-03T03:20:00Z", 
            "DBSecurityGroups": [], 
            "DBParameterGroups": [
                {
                    "DBParameterGroupName": "default.mariadb10.2", 
                    "ParameterApplyStatus": "in-sync"
                }
            ], 
            "PerformanceInsightsEnabled": false, 
            "AutoMinorVersionUpgrade": true, 
            "PreferredBackupWindow": "03:46-04:16", 
            "DBSubnetGroup": {
                "Subnets": [
                    {
                        "SubnetStatus": "Active", 
                        "SubnetIdentifier": "subnet-dcbab496", 
                        "SubnetAvailabilityZone": {
                            "Name": "us-east-1a"
                        }
                    }, 
                    {
                        "SubnetStatus": "Active", 
                        "SubnetIdentifier": "subnet-6f665560", 
                        "SubnetAvailabilityZone": {
                            "Name": "us-east-1f"
                        }
                    }, 
                    {
                        "SubnetStatus": "Active", 
                        "SubnetIdentifier": "subnet-4bd1aa17", 
                        "SubnetAvailabilityZone": {
                            "Name": "us-east-1b"
                        }
                    }, 
                    {
                        "SubnetStatus": "Active", 
                        "SubnetIdentifier": "subnet-38dc5106", 
                        "SubnetAvailabilityZone": {
                            "Name": "us-east-1e"
                        }
                    }, 
                    {
                        "SubnetStatus": "Active", 
                        "SubnetIdentifier": "subnet-c989f7ae", 
                        "SubnetAvailabilityZone": {
                            "Name": "us-east-1c"
                        }
                    }, 
                    {
                        "SubnetStatus": "Active", 
                        "SubnetIdentifier": "subnet-58df9a76", 
                        "SubnetAvailabilityZone": {
                            "Name": "us-east-1d"
                        }
                    }
                ], 
                "DBSubnetGroupName": "default", 
                "VpcId": "vpc-9d42c8e7", 
                "DBSubnetGroupDescription": "default", 
                "SubnetGroupStatus": "Complete"
            }, 
            "SecondaryAvailabilityZone": "us-east-1a", 
            "ReadReplicaDBInstanceIdentifiers": [], 
            "AllocatedStorage": 20, 
            "DBInstanceArn": "arn:aws:rds:us-east-1:567971310949:db:islagencypro-new", 
            "BackupRetentionPeriod": 7, 
            "PreferredMaintenanceWindow": "sun:09:41-sun:10:11", 
            "Endpoint": {
                "HostedZoneId": "Z2R2ITUGPM61AM", 
                "Port": 3306, 
                "Address": "islagencypro-new.ctcnpt9ust9r.us-east-1.rds.amazonaws.com"
            }, 
            "DBInstanceStatus": "available", 
            "IAMDatabaseAuthenticationEnabled": false, 
            "EngineVersion": "10.2.21", 
            "EnhancedMonitoringResourceArn": "arn:aws:logs:us-east-1:567971310949:log-group:RDSOSMetrics:log-stream:db-QFRLELDVGKQONESLJTMRFPAZYI", 
            "AvailabilityZone": "us-east-1f", 
            "DomainMemberships": [], 
            "MonitoringRoleArn": "arn:aws:iam::567971310949:role/rds-monitoring-role", 
            "StorageType": "gp2", 
            "DbiResourceId": "db-QFRLELDVGKQONESLJTMRFPAZYI", 
            "CACertificateIdentifier": "rds-ca-2019", 
            "StorageEncrypted": false, 
            "DBInstanceClass": "db.t2.micro", 
            "DbInstancePort": 0, 
            "DBInstanceIdentifier": "islagencypro-new"
        }
    ]
}
