{
    "DBInstances": [
        {
            "PubliclyAccessible": true, 
            "MasterUsername": "postgres", 
            "MonitoringInterval": 60, 
            "LicenseModel": "postgresql-license", 
            "MonitoringRoleArn": "arn:aws:iam::884998542479:role/rds-monitoring-role", 
            "VpcSecurityGroups": [
                {
                    "Status": "active", 
                    "VpcSecurityGroupId": "sg-0abe5e2501811e4b8"
                }
            ], 
            "InstanceCreateTime": "2019-03-11T01:04:00.447Z", 
            "CopyTagsToSnapshot": false, 
            "OptionGroupMemberships": [
                {
                    "Status": "in-sync", 
                    "OptionGroupName": "default:aurora-postgresql-9-6"
                }
            ], 
            "PendingModifiedValues": {}, 
            "Engine": "aurora-postgresql", 
            "MultiAZ": false, 
            "DBSecurityGroups": [], 
            "DBParameterGroups": [
                {
                    "DBParameterGroupName": "default.aurora-postgresql9.6", 
                    "ParameterApplyStatus": "in-sync"
                }
            ], 
            "PerformanceInsightsEnabled": true, 
            "PerformanceInsightsRetentionPeriod": 7, 
            "AutoMinorVersionUpgrade": true, 
            "PreferredBackupWindow": "10:28-10:58", 
            "PromotionTier": 1, 
            "DBSubnetGroup": {
                "Subnets": [
                    {
                        "SubnetStatus": "Active", 
                        "SubnetIdentifier": "subnet-0462e438af2c117ba", 
                        "SubnetAvailabilityZone": {
                            "Name": "us-east-1a"
                        }
                    }, 
                    {
                        "SubnetStatus": "Active", 
                        "SubnetIdentifier": "subnet-026e828c3c0b6455b", 
                        "SubnetAvailabilityZone": {
                            "Name": "us-east-1b"
                        }
                    }, 
                    {
                        "SubnetStatus": "Active", 
                        "SubnetIdentifier": "subnet-0ecb81453af8613da", 
                        "SubnetAvailabilityZone": {
                            "Name": "us-east-1c"
                        }
                    }
                ], 
                "DBSubnetGroupName": "default-vpc-05ac42709a63ecc89", 
                "VpcId": "vpc-05ac42709a63ecc89", 
                "DBSubnetGroupDescription": "Created from the RDS Management Console", 
                "SubnetGroupStatus": "Complete"
            }, 
            "ReadReplicaDBInstanceIdentifiers": [], 
            "AllocatedStorage": 1, 
            "DBInstanceArn": "arn:aws:rds:us-east-1:884998542479:db:kag-mainnet-america-us-east-1a", 
            "BackupRetentionPeriod": 7, 
            "DBName": "KAGMainnetAmerica", 
            "PreferredMaintenanceWindow": "fri:07:35-fri:08:05", 
            "Endpoint": {
                "HostedZoneId": "Z2R2ITUGPM61AM", 
                "Port": 5432, 
                "Address": "kag-mainnet-america-us-east-1a.ct1vrq8lzte9.us-east-1.rds.amazonaws.com"
            }, 
            "DBInstanceStatus": "available", 
            "PerformanceInsightsKMSKeyId": "arn:aws:kms:us-east-1:884998542479:key/e887a22d-904e-46de-8988-39545533c989", 
            "IAMDatabaseAuthenticationEnabled": false, 
            "EngineVersion": "9.6.12", 
            "EnhancedMonitoringResourceArn": "arn:aws:logs:us-east-1:884998542479:log-group:RDSOSMetrics:log-stream:db-XZT3DVRAQGCJY7TSPTDOFQC73E", 
            "AvailabilityZone": "us-east-1a", 
            "DomainMemberships": [], 
            "DBClusterIdentifier": "kag-mainnet-america", 
            "StorageType": "aurora", 
            "DbiResourceId": "db-XZT3DVRAQGCJY7TSPTDOFQC73E", 
            "CACertificateIdentifier": "rds-ca-2019", 
            "KmsKeyId": "arn:aws:kms:us-east-1:884998542479:key/e887a22d-904e-46de-8988-39545533c989", 
            "StorageEncrypted": true, 
            "DBInstanceClass": "db.r4.large", 
            "DbInstancePort": 0, 
            "DBInstanceIdentifier": "kag-mainnet-america-us-east-1a"
        }, 
        {
            "PubliclyAccessible": true, 
            "MasterUsername": "postgres", 
            "MonitoringInterval": 60, 
            "LicenseModel": "postgresql-license", 
            "MonitoringRoleArn": "arn:aws:iam::884998542479:role/rds-monitoring-role", 
            "VpcSecurityGroups": [
                {
                    "Status": "active", 
                    "VpcSecurityGroupId": "sg-0abe5e2501811e4b8"
                }
            ], 
            "InstanceCreateTime": "2019-03-11T01:08:12.512Z", 
            "CopyTagsToSnapshot": false, 
            "OptionGroupMemberships": [
                {
                    "Status": "in-sync", 
                    "OptionGroupName": "default:aurora-postgresql-9-6"
                }
            ], 
            "PendingModifiedValues": {}, 
            "Engine": "aurora-postgresql", 
            "MultiAZ": false, 
            "DBSecurityGroups": [], 
            "DBParameterGroups": [
                {
                    "DBParameterGroupName": "default.aurora-postgresql9.6", 
                    "ParameterApplyStatus": "in-sync"
                }
            ], 
            "PerformanceInsightsEnabled": true, 
            "PerformanceInsightsRetentionPeriod": 7, 
            "AutoMinorVersionUpgrade": true, 
            "PreferredBackupWindow": "10:28-10:58", 
            "PromotionTier": 1, 
            "DBSubnetGroup": {
                "Subnets": [
                    {
                        "SubnetStatus": "Active", 
                        "SubnetIdentifier": "subnet-0462e438af2c117ba", 
                        "SubnetAvailabilityZone": {
                            "Name": "us-east-1a"
                        }
                    }, 
                    {
                        "SubnetStatus": "Active", 
                        "SubnetIdentifier": "subnet-026e828c3c0b6455b", 
                        "SubnetAvailabilityZone": {
                            "Name": "us-east-1b"
                        }
                    }, 
                    {
                        "SubnetStatus": "Active", 
                        "SubnetIdentifier": "subnet-0ecb81453af8613da", 
                        "SubnetAvailabilityZone": {
                            "Name": "us-east-1c"
                        }
                    }
                ], 
                "DBSubnetGroupName": "default-vpc-05ac42709a63ecc89", 
                "VpcId": "vpc-05ac42709a63ecc89", 
                "DBSubnetGroupDescription": "Created from the RDS Management Console", 
                "SubnetGroupStatus": "Complete"
            }, 
            "ReadReplicaDBInstanceIdentifiers": [], 
            "AllocatedStorage": 1, 
            "DBInstanceArn": "arn:aws:rds:us-east-1:884998542479:db:kag-mainnet-america-us-east-1b", 
            "BackupRetentionPeriod": 7, 
            "DBName": "KAGMainnetAmerica", 
            "PreferredMaintenanceWindow": "thu:05:36-thu:06:06", 
            "Endpoint": {
                "HostedZoneId": "Z2R2ITUGPM61AM", 
                "Port": 5432, 
                "Address": "kag-mainnet-america-us-east-1b.ct1vrq8lzte9.us-east-1.rds.amazonaws.com"
            }, 
            "DBInstanceStatus": "available", 
            "PerformanceInsightsKMSKeyId": "arn:aws:kms:us-east-1:884998542479:key/e887a22d-904e-46de-8988-39545533c989", 
            "IAMDatabaseAuthenticationEnabled": false, 
            "EngineVersion": "9.6.12", 
            "EnhancedMonitoringResourceArn": "arn:aws:logs:us-east-1:884998542479:log-group:RDSOSMetrics:log-stream:db-W7CCI7EYFSEBMPKCXRP7U76ODY", 
            "AvailabilityZone": "us-east-1b", 
            "DomainMemberships": [], 
            "DBClusterIdentifier": "kag-mainnet-america", 
            "StorageType": "aurora", 
            "DbiResourceId": "db-W7CCI7EYFSEBMPKCXRP7U76ODY", 
            "CACertificateIdentifier": "rds-ca-2019", 
            "KmsKeyId": "arn:aws:kms:us-east-1:884998542479:key/e887a22d-904e-46de-8988-39545533c989", 
            "StorageEncrypted": true, 
            "DBInstanceClass": "db.r4.large", 
            "DbInstancePort": 0, 
            "DBInstanceIdentifier": "kag-mainnet-america-us-east-1b"
        }, 
        {
            "PubliclyAccessible": true, 
            "MasterUsername": "postgres", 
            "MonitoringInterval": 0, 
            "LicenseModel": "postgresql-license", 
            "VpcSecurityGroups": [
                {
                    "Status": "active", 
                    "VpcSecurityGroupId": "sg-0abe5e2501811e4b8"
                }
            ], 
            "InstanceCreateTime": "2019-03-11T01:17:45.801Z", 
            "CopyTagsToSnapshot": false, 
            "OptionGroupMemberships": [
                {
                    "Status": "in-sync", 
                    "OptionGroupName": "default:aurora-postgresql-9-6"
                }
            ], 
            "PendingModifiedValues": {}, 
            "Engine": "aurora-postgresql", 
            "MultiAZ": false, 
            "DBSecurityGroups": [], 
            "DBParameterGroups": [
                {
                    "DBParameterGroupName": "default.aurora-postgresql9.6", 
                    "ParameterApplyStatus": "in-sync"
                }
            ], 
            "PerformanceInsightsEnabled": true, 
            "AutoMinorVersionUpgrade": true, 
            "PreferredBackupWindow": "10:28-10:58", 
            "PromotionTier": 1, 
            "DBSubnetGroup": {
                "Subnets": [
                    {
                        "SubnetStatus": "Active", 
                        "SubnetIdentifier": "subnet-0462e438af2c117ba", 
                        "SubnetAvailabilityZone": {
                            "Name": "us-east-1a"
                        }
                    }, 
                    {
                        "SubnetStatus": "Active", 
                        "SubnetIdentifier": "subnet-026e828c3c0b6455b", 
                        "SubnetAvailabilityZone": {
                            "Name": "us-east-1b"
                        }
                    }, 
                    {
                        "SubnetStatus": "Active", 
                        "SubnetIdentifier": "subnet-0ecb81453af8613da", 
                        "SubnetAvailabilityZone": {
                            "Name": "us-east-1c"
                        }
                    }
                ], 
                "DBSubnetGroupName": "default-vpc-05ac42709a63ecc89", 
                "VpcId": "vpc-05ac42709a63ecc89", 
                "DBSubnetGroupDescription": "Created from the RDS Management Console", 
                "SubnetGroupStatus": "Complete"
            }, 
            "ReadReplicaDBInstanceIdentifiers": [], 
            "AllocatedStorage": 1, 
            "DBInstanceArn": "arn:aws:rds:us-east-1:884998542479:db:kag-mainnet-america-us-east-1c", 
            "BackupRetentionPeriod": 7, 
            "DBName": "KAGMainnetAmerica", 
            "PreferredMaintenanceWindow": "fri:07:35-fri:08:05", 
            "Endpoint": {
                "HostedZoneId": "Z2R2ITUGPM61AM", 
                "Port": 5432, 
                "Address": "kag-mainnet-america-us-east-1c.ct1vrq8lzte9.us-east-1.rds.amazonaws.com"
            }, 
            "DBInstanceStatus": "available", 
            "PerformanceInsightsKMSKeyId": "arn:aws:kms:us-east-1:884998542479:key/e887a22d-904e-46de-8988-39545533c989", 
            "IAMDatabaseAuthenticationEnabled": false, 
            "EngineVersion": "9.6.12", 
            "AvailabilityZone": "us-east-1c", 
            "DomainMemberships": [], 
            "DBClusterIdentifier": "kag-mainnet-america", 
            "StorageType": "aurora", 
            "DbiResourceId": "db-UHVKKR5MGOXU7MUMS3BEKAMQUI", 
            "CACertificateIdentifier": "rds-ca-2019", 
            "KmsKeyId": "arn:aws:kms:us-east-1:884998542479:key/e887a22d-904e-46de-8988-39545533c989", 
            "StorageEncrypted": true, 
            "DBInstanceClass": "db.r4.large", 
            "DbInstancePort": 0, 
            "DBInstanceIdentifier": "kag-mainnet-america-us-east-1c"
        }, 
        {
            "PubliclyAccessible": true, 
            "MasterUsername": "postgres", 
            "MonitoringInterval": 0, 
            "LicenseModel": "postgresql-license", 
            "VpcSecurityGroups": [
                {
                    "Status": "active", 
                    "VpcSecurityGroupId": "sg-044e0240ac2177dda"
                }
            ], 
            "InstanceCreateTime": "2019-03-27T12:23:43.278Z", 
            "CopyTagsToSnapshot": true, 
            "OptionGroupMemberships": [
                {
                    "Status": "in-sync", 
                    "OptionGroupName": "default:postgres-9-6"
                }
            ], 
            "PendingModifiedValues": {}, 
            "Engine": "postgres", 
            "MultiAZ": false, 
            "LatestRestorableTime": "2020-02-03T03:19:52Z", 
            "DBSecurityGroups": [], 
            "DBParameterGroups": [
                {
                    "DBParameterGroupName": "default.postgres9.6", 
                    "ParameterApplyStatus": "in-sync"
                }
            ], 
            "PerformanceInsightsEnabled": false, 
            "AutoMinorVersionUpgrade": true, 
            "PreferredBackupWindow": "03:21-03:51", 
            "DBSubnetGroup": {
                "Subnets": [
                    {
                        "SubnetStatus": "Active", 
                        "SubnetIdentifier": "subnet-043d639fe487be497", 
                        "SubnetAvailabilityZone": {
                            "Name": "us-east-1c"
                        }
                    }, 
                    {
                        "SubnetStatus": "Active", 
                        "SubnetIdentifier": "subnet-0cabb177b8f0c5635", 
                        "SubnetAvailabilityZone": {
                            "Name": "us-east-1b"
                        }
                    }, 
                    {
                        "SubnetStatus": "Active", 
                        "SubnetIdentifier": "subnet-021b7dee90268ef5d", 
                        "SubnetAvailabilityZone": {
                            "Name": "us-east-1a"
                        }
                    }
                ], 
                "DBSubnetGroupName": "default-vpc-01de2a42842e360de", 
                "VpcId": "vpc-01de2a42842e360de", 
                "DBSubnetGroupDescription": "Created from the RDS Management Console", 
                "SubnetGroupStatus": "Complete"
            }, 
            "ReadReplicaDBInstanceIdentifiers": [], 
            "AllocatedStorage": 20, 
            "DBInstanceArn": "arn:aws:rds:us-east-1:884998542479:db:kag-testnet-america", 
            "BackupRetentionPeriod": 7, 
            "PreferredMaintenanceWindow": "wed:07:13-wed:07:43", 
            "Endpoint": {
                "HostedZoneId": "Z2R2ITUGPM61AM", 
                "Port": 5432, 
                "Address": "kag-testnet-america.ct1vrq8lzte9.us-east-1.rds.amazonaws.com"
            }, 
            "DBInstanceStatus": "available", 
            "IAMDatabaseAuthenticationEnabled": false, 
            "EngineVersion": "9.6.11", 
            "AvailabilityZone": "us-east-1c", 
            "DomainMemberships": [], 
            "StorageType": "gp2", 
            "DbiResourceId": "db-N56DRD5O5CALI22I322ZAPHD7I", 
            "CACertificateIdentifier": "rds-ca-2019", 
            "StorageEncrypted": false, 
            "DBInstanceClass": "db.t2.small", 
            "DbInstancePort": 0, 
            "DBInstanceIdentifier": "kag-testnet-america"
        }, 
        {
            "PubliclyAccessible": true, 
            "MasterUsername": "postgres", 
            "MonitoringInterval": 60, 
            "LicenseModel": "postgresql-license", 
            "MonitoringRoleArn": "arn:aws:iam::884998542479:role/rds-monitoring-role", 
            "VpcSecurityGroups": [
                {
                    "Status": "active", 
                    "VpcSecurityGroupId": "sg-0f69224c223570139"
                }
            ], 
            "InstanceCreateTime": "2019-03-10T23:20:35.890Z", 
            "CopyTagsToSnapshot": false, 
            "OptionGroupMemberships": [
                {
                    "Status": "in-sync", 
                    "OptionGroupName": "default:aurora-postgresql-9-6"
                }
            ], 
            "PendingModifiedValues": {}, 
            "Engine": "aurora-postgresql", 
            "MultiAZ": false, 
            "DBSecurityGroups": [], 
            "DBParameterGroups": [
                {
                    "DBParameterGroupName": "default.aurora-postgresql9.6", 
                    "ParameterApplyStatus": "in-sync"
                }
            ], 
            "PerformanceInsightsEnabled": true, 
            "PerformanceInsightsRetentionPeriod": 7, 
            "AutoMinorVersionUpgrade": true, 
            "PreferredBackupWindow": "06:45-07:15", 
            "PromotionTier": 1, 
            "DBSubnetGroup": {
                "Subnets": [
                    {
                        "SubnetStatus": "Active", 
                        "SubnetIdentifier": "subnet-068adf0d1eb0a5d1b", 
                        "SubnetAvailabilityZone": {
                            "Name": "us-east-1b"
                        }
                    }, 
                    {
                        "SubnetStatus": "Active", 
                        "SubnetIdentifier": "subnet-0277ba32f25b4de8b", 
                        "SubnetAvailabilityZone": {
                            "Name": "us-east-1c"
                        }
                    }, 
                    {
                        "SubnetStatus": "Active", 
                        "SubnetIdentifier": "subnet-006f9cf52f8737cb5", 
                        "SubnetAvailabilityZone": {
                            "Name": "us-east-1a"
                        }
                    }
                ], 
                "DBSubnetGroupName": "default-vpc-08460564f4cd1f0b8", 
                "VpcId": "vpc-08460564f4cd1f0b8", 
                "DBSubnetGroupDescription": "Created from the RDS Management Console", 
                "SubnetGroupStatus": "Complete"
            }, 
            "ReadReplicaDBInstanceIdentifiers": [], 
            "AllocatedStorage": 1, 
            "DBInstanceArn": "arn:aws:rds:us-east-1:884998542479:db:kau-mainnet-america-us-east-1a", 
            "BackupRetentionPeriod": 7, 
            "PreferredMaintenanceWindow": "fri:04:28-fri:04:58", 
            "Endpoint": {
                "HostedZoneId": "Z2R2ITUGPM61AM", 
                "Port": 5432, 
                "Address": "kau-mainnet-america-us-east-1a.ct1vrq8lzte9.us-east-1.rds.amazonaws.com"
            }, 
            "DBInstanceStatus": "available", 
            "PerformanceInsightsKMSKeyId": "arn:aws:kms:us-east-1:884998542479:key/e887a22d-904e-46de-8988-39545533c989", 
            "IAMDatabaseAuthenticationEnabled": false, 
            "EngineVersion": "9.6.12", 
            "EnhancedMonitoringResourceArn": "arn:aws:logs:us-east-1:884998542479:log-group:RDSOSMetrics:log-stream:db-2BZOAREWDABRXPNW44RQ4MYTZE", 
            "AvailabilityZone": "us-east-1a", 
            "DomainMemberships": [], 
            "DBClusterIdentifier": "kau-mainnet-america", 
            "StorageType": "aurora", 
            "DbiResourceId": "db-2BZOAREWDABRXPNW44RQ4MYTZE", 
            "CACertificateIdentifier": "rds-ca-2019", 
            "KmsKeyId": "arn:aws:kms:us-east-1:884998542479:key/e887a22d-904e-46de-8988-39545533c989", 
            "StorageEncrypted": true, 
            "DBInstanceClass": "db.r4.large", 
            "DbInstancePort": 0, 
            "DBInstanceIdentifier": "kau-mainnet-america-us-east-1a"
        }, 
        {
            "PubliclyAccessible": true, 
            "MasterUsername": "postgres", 
            "MonitoringInterval": 60, 
            "LicenseModel": "postgresql-license", 
            "MonitoringRoleArn": "arn:aws:iam::884998542479:role/rds-monitoring-role", 
            "VpcSecurityGroups": [
                {
                    "Status": "active", 
                    "VpcSecurityGroupId": "sg-0f69224c223570139"
                }
            ], 
            "InstanceCreateTime": "2019-03-10T23:25:43.979Z", 
            "CopyTagsToSnapshot": false, 
            "OptionGroupMemberships": [
                {
                    "Status": "in-sync", 
                    "OptionGroupName": "default:aurora-postgresql-9-6"
                }
            ], 
            "PendingModifiedValues": {}, 
            "Engine": "aurora-postgresql", 
            "MultiAZ": false, 
            "DBSecurityGroups": [], 
            "DBParameterGroups": [
                {
                    "DBParameterGroupName": "default.aurora-postgresql9.6", 
                    "ParameterApplyStatus": "in-sync"
                }
            ], 
            "PerformanceInsightsEnabled": true, 
            "PerformanceInsightsRetentionPeriod": 7, 
            "AutoMinorVersionUpgrade": true, 
            "PreferredBackupWindow": "06:45-07:15", 
            "PromotionTier": 1, 
            "DBSubnetGroup": {
                "Subnets": [
                    {
                        "SubnetStatus": "Active", 
                        "SubnetIdentifier": "subnet-068adf0d1eb0a5d1b", 
                        "SubnetAvailabilityZone": {
                            "Name": "us-east-1b"
                        }
                    }, 
                    {
                        "SubnetStatus": "Active", 
                        "SubnetIdentifier": "subnet-0277ba32f25b4de8b", 
                        "SubnetAvailabilityZone": {
                            "Name": "us-east-1c"
                        }
                    }, 
                    {
                        "SubnetStatus": "Active", 
                        "SubnetIdentifier": "subnet-006f9cf52f8737cb5", 
                        "SubnetAvailabilityZone": {
                            "Name": "us-east-1a"
                        }
                    }
                ], 
                "DBSubnetGroupName": "default-vpc-08460564f4cd1f0b8", 
                "VpcId": "vpc-08460564f4cd1f0b8", 
                "DBSubnetGroupDescription": "Created from the RDS Management Console", 
                "SubnetGroupStatus": "Complete"
            }, 
            "ReadReplicaDBInstanceIdentifiers": [], 
            "AllocatedStorage": 1, 
            "DBInstanceArn": "arn:aws:rds:us-east-1:884998542479:db:kau-mainnet-america-us-east-1b", 
            "BackupRetentionPeriod": 7, 
            "PreferredMaintenanceWindow": "sun:05:49-sun:06:19", 
            "Endpoint": {
                "HostedZoneId": "Z2R2ITUGPM61AM", 
                "Port": 5432, 
                "Address": "kau-mainnet-america-us-east-1b.ct1vrq8lzte9.us-east-1.rds.amazonaws.com"
            }, 
            "DBInstanceStatus": "available", 
            "PerformanceInsightsKMSKeyId": "arn:aws:kms:us-east-1:884998542479:key/e887a22d-904e-46de-8988-39545533c989", 
            "IAMDatabaseAuthenticationEnabled": false, 
            "EngineVersion": "9.6.12", 
            "EnhancedMonitoringResourceArn": "arn:aws:logs:us-east-1:884998542479:log-group:RDSOSMetrics:log-stream:db-LXEKAQ4KY32MNVUZBRWMSN5IVQ", 
            "AvailabilityZone": "us-east-1b", 
            "DomainMemberships": [], 
            "DBClusterIdentifier": "kau-mainnet-america", 
            "StorageType": "aurora", 
            "DbiResourceId": "db-LXEKAQ4KY32MNVUZBRWMSN5IVQ", 
            "CACertificateIdentifier": "rds-ca-2019", 
            "KmsKeyId": "arn:aws:kms:us-east-1:884998542479:key/e887a22d-904e-46de-8988-39545533c989", 
            "StorageEncrypted": true, 
            "DBInstanceClass": "db.r4.large", 
            "DbInstancePort": 0, 
            "DBInstanceIdentifier": "kau-mainnet-america-us-east-1b"
        }, 
        {
            "PubliclyAccessible": true, 
            "MasterUsername": "postgres", 
            "MonitoringInterval": 0, 
            "LicenseModel": "postgresql-license", 
            "VpcSecurityGroups": [
                {
                    "Status": "active", 
                    "VpcSecurityGroupId": "sg-0f69224c223570139"
                }
            ], 
            "InstanceCreateTime": "2019-03-10T23:54:50.668Z", 
            "CopyTagsToSnapshot": false, 
            "OptionGroupMemberships": [
                {
                    "Status": "in-sync", 
                    "OptionGroupName": "default:aurora-postgresql-9-6"
                }
            ], 
            "PendingModifiedValues": {}, 
            "Engine": "aurora-postgresql", 
            "MultiAZ": false, 
            "DBSecurityGroups": [], 
            "DBParameterGroups": [
                {
                    "DBParameterGroupName": "default.aurora-postgresql9.6", 
                    "ParameterApplyStatus": "in-sync"
                }
            ], 
            "PerformanceInsightsEnabled": true, 
            "AutoMinorVersionUpgrade": true, 
            "PreferredBackupWindow": "06:45-07:15", 
            "PromotionTier": 1, 
            "DBSubnetGroup": {
                "Subnets": [
                    {
                        "SubnetStatus": "Active", 
                        "SubnetIdentifier": "subnet-068adf0d1eb0a5d1b", 
                        "SubnetAvailabilityZone": {
                            "Name": "us-east-1b"
                        }
                    }, 
                    {
                        "SubnetStatus": "Active", 
                        "SubnetIdentifier": "subnet-0277ba32f25b4de8b", 
                        "SubnetAvailabilityZone": {
                            "Name": "us-east-1c"
                        }
                    }, 
                    {
                        "SubnetStatus": "Active", 
                        "SubnetIdentifier": "subnet-006f9cf52f8737cb5", 
                        "SubnetAvailabilityZone": {
                            "Name": "us-east-1a"
                        }
                    }
                ], 
                "DBSubnetGroupName": "default-vpc-08460564f4cd1f0b8", 
                "VpcId": "vpc-08460564f4cd1f0b8", 
                "DBSubnetGroupDescription": "Created from the RDS Management Console", 
                "SubnetGroupStatus": "Complete"
            }, 
            "ReadReplicaDBInstanceIdentifiers": [], 
            "AllocatedStorage": 1, 
            "DBInstanceArn": "arn:aws:rds:us-east-1:884998542479:db:kau-mainnet-america-us-east-1c", 
            "BackupRetentionPeriod": 7, 
            "PreferredMaintenanceWindow": "sun:05:49-sun:06:19", 
            "Endpoint": {
                "HostedZoneId": "Z2R2ITUGPM61AM", 
                "Port": 5432, 
                "Address": "kau-mainnet-america-us-east-1c.ct1vrq8lzte9.us-east-1.rds.amazonaws.com"
            }, 
            "DBInstanceStatus": "available", 
            "PerformanceInsightsKMSKeyId": "arn:aws:kms:us-east-1:884998542479:key/e887a22d-904e-46de-8988-39545533c989", 
            "IAMDatabaseAuthenticationEnabled": false, 
            "EngineVersion": "9.6.12", 
            "AvailabilityZone": "us-east-1c", 
            "DomainMemberships": [], 
            "DBClusterIdentifier": "kau-mainnet-america", 
            "StorageType": "aurora", 
            "DbiResourceId": "db-CFVTWIYPT4XHYBY2GJSHN3YT7I", 
            "CACertificateIdentifier": "rds-ca-2019", 
            "KmsKeyId": "arn:aws:kms:us-east-1:884998542479:key/e887a22d-904e-46de-8988-39545533c989", 
            "StorageEncrypted": true, 
            "DBInstanceClass": "db.r4.large", 
            "DbInstancePort": 0, 
            "DBInstanceIdentifier": "kau-mainnet-america-us-east-1c"
        }, 
        {
            "PubliclyAccessible": true, 
            "MasterUsername": "postgres", 
            "MonitoringInterval": 0, 
            "LicenseModel": "postgresql-license", 
            "VpcSecurityGroups": [
                {
                    "Status": "active", 
                    "VpcSecurityGroupId": "sg-0a0195a975ddc5bde"
                }
            ], 
            "InstanceCreateTime": "2019-03-28T04:09:18.560Z", 
            "CopyTagsToSnapshot": true, 
            "OptionGroupMemberships": [
                {
                    "Status": "in-sync", 
                    "OptionGroupName": "default:postgres-9-6"
                }
            ], 
            "PendingModifiedValues": {}, 
            "Engine": "postgres", 
            "MultiAZ": false, 
            "LatestRestorableTime": "2020-02-03T03:20:41Z", 
            "DBSecurityGroups": [], 
            "DBParameterGroups": [
                {
                    "DBParameterGroupName": "default.postgres9.6", 
                    "ParameterApplyStatus": "in-sync"
                }
            ], 
            "PerformanceInsightsEnabled": false, 
            "AutoMinorVersionUpgrade": true, 
            "PreferredBackupWindow": "04:14-04:44", 
            "DBSubnetGroup": {
                "Subnets": [
                    {
                        "SubnetStatus": "Active", 
                        "SubnetIdentifier": "subnet-03d26d11e1ea114d7", 
                        "SubnetAvailabilityZone": {
                            "Name": "us-east-1b"
                        }
                    }, 
                    {
                        "SubnetStatus": "Active", 
                        "SubnetIdentifier": "subnet-0cd4d83f2fa0e01b4", 
                        "SubnetAvailabilityZone": {
                            "Name": "us-east-1a"
                        }
                    }, 
                    {
                        "SubnetStatus": "Active", 
                        "SubnetIdentifier": "subnet-0bafee3c1e2311e9d", 
                        "SubnetAvailabilityZone": {
                            "Name": "us-east-1c"
                        }
                    }
                ], 
                "DBSubnetGroupName": "default-vpc-0eb97a4f09cfbb574", 
                "VpcId": "vpc-0eb97a4f09cfbb574", 
                "DBSubnetGroupDescription": "Created from the RDS Management Console", 
                "SubnetGroupStatus": "Complete"
            }, 
            "ReadReplicaDBInstanceIdentifiers": [], 
            "AllocatedStorage": 20, 
            "DBInstanceArn": "arn:aws:rds:us-east-1:884998542479:db:kau-testnet-america", 
            "BackupRetentionPeriod": 7, 
            "DBName": "KAUTestnetAmerica", 
            "PreferredMaintenanceWindow": "thu:03:06-thu:03:36", 
            "Endpoint": {
                "HostedZoneId": "Z2R2ITUGPM61AM", 
                "Port": 5432, 
                "Address": "kau-testnet-america.ct1vrq8lzte9.us-east-1.rds.amazonaws.com"
            }, 
            "DBInstanceStatus": "available", 
            "IAMDatabaseAuthenticationEnabled": false, 
            "EngineVersion": "9.6.11", 
            "AvailabilityZone": "us-east-1a", 
            "DomainMemberships": [], 
            "StorageType": "gp2", 
            "DbiResourceId": "db-RTDHPSONWTNQD3CSFDJWZQB5SY", 
            "CACertificateIdentifier": "rds-ca-2019", 
            "StorageEncrypted": false, 
            "DBInstanceClass": "db.t2.small", 
            "DbInstancePort": 0, 
            "DBInstanceIdentifier": "kau-testnet-america"
        }
    ]
}
