{
    "DBInstances": [
        {
            "PubliclyAccessible": true, 
            "MasterUsername": "postgres", 
            "MonitoringInterval": 60, 
            "LicenseModel": "postgresql-license", 
            "MonitoringRoleArn": "arn:aws:iam::884998542479:role/rds-monitoring-role", 
            "VpcSecurityGroups": [
                {
                    "Status": "active", 
                    "VpcSecurityGroupId": "sg-022e569342016e140"
                }
            ], 
            "InstanceCreateTime": "2019-03-11T00:54:48.957Z", 
            "CopyTagsToSnapshot": false, 
            "OptionGroupMemberships": [
                {
                    "Status": "in-sync", 
                    "OptionGroupName": "default:aurora-postgresql-9-6"
                }
            ], 
            "PendingModifiedValues": {}, 
            "Engine": "aurora-postgresql", 
            "MultiAZ": false, 
            "DBSecurityGroups": [], 
            "DBParameterGroups": [
                {
                    "DBParameterGroupName": "default.aurora-postgresql9.6", 
                    "ParameterApplyStatus": "in-sync"
                }
            ], 
            "PerformanceInsightsEnabled": true, 
            "PerformanceInsightsRetentionPeriod": 7, 
            "AutoMinorVersionUpgrade": true, 
            "PreferredBackupWindow": "14:21-14:51", 
            "PromotionTier": 1, 
            "DBSubnetGroup": {
                "Subnets": [
                    {
                        "SubnetStatus": "Active", 
                        "SubnetIdentifier": "subnet-03a49b8fff8056d50", 
                        "SubnetAvailabilityZone": {
                            "Name": "ap-southeast-2a"
                        }
                    }, 
                    {
                        "SubnetStatus": "Active", 
                        "SubnetIdentifier": "subnet-02d2878d0a305ae41", 
                        "SubnetAvailabilityZone": {
                            "Name": "ap-southeast-2c"
                        }
                    }, 
                    {
                        "SubnetStatus": "Active", 
                        "SubnetIdentifier": "subnet-0d0f935b98e8485ad", 
                        "SubnetAvailabilityZone": {
                            "Name": "ap-southeast-2b"
                        }
                    }
                ], 
                "DBSubnetGroupName": "default-vpc-0bba6567db0e60161", 
                "VpcId": "vpc-0bba6567db0e60161", 
                "DBSubnetGroupDescription": "Created from the RDS Management Console", 
                "SubnetGroupStatus": "Complete"
            }, 
            "ReadReplicaDBInstanceIdentifiers": [], 
            "AllocatedStorage": 1, 
            "DBInstanceArn": "arn:aws:rds:ap-southeast-2:884998542479:db:kag-mainnet-oceania-ap-southeast-2a", 
            "BackupRetentionPeriod": 7, 
            "DBName": "KAGMainnetOceania", 
            "PreferredMaintenanceWindow": "mon:12:17-mon:12:47", 
            "Endpoint": {
                "HostedZoneId": "Z32T0VRHXEXS0V", 
                "Port": 5432, 
                "Address": "kag-mainnet-oceania-ap-southeast-2a.ctjvfnzus5vh.ap-southeast-2.rds.amazonaws.com"
            }, 
            "DBInstanceStatus": "available", 
            "PerformanceInsightsKMSKeyId": "arn:aws:kms:ap-southeast-2:884998542479:key/76572845-1d46-473d-8c8f-f0a328d818fb", 
            "IAMDatabaseAuthenticationEnabled": false, 
            "EngineVersion": "9.6.12", 
            "EnhancedMonitoringResourceArn": "arn:aws:logs:ap-southeast-2:884998542479:log-group:RDSOSMetrics:log-stream:db-XZJIXGATQ4YLCDCPXVO6RMWTGI", 
            "DeletionProtection": false, 
            "AvailabilityZone": "ap-southeast-2a", 
            "DomainMemberships": [], 
            "DBClusterIdentifier": "kag-mainnet-oceania", 
            "StorageType": "aurora", 
            "DbiResourceId": "db-XZJIXGATQ4YLCDCPXVO6RMWTGI", 
            "CACertificateIdentifier": "rds-ca-2019", 
            "KmsKeyId": "arn:aws:kms:ap-southeast-2:884998542479:key/76572845-1d46-473d-8c8f-f0a328d818fb", 
            "StorageEncrypted": true, 
            "AssociatedRoles": [], 
            "DBInstanceClass": "db.r4.large", 
            "DbInstancePort": 0, 
            "DBInstanceIdentifier": "kag-mainnet-oceania-ap-southeast-2a"
        }, 
        {
            "PubliclyAccessible": true, 
            "MasterUsername": "postgres", 
            "MonitoringInterval": 60, 
            "LicenseModel": "postgresql-license", 
            "MonitoringRoleArn": "arn:aws:iam::884998542479:role/rds-monitoring-role", 
            "VpcSecurityGroups": [
                {
                    "Status": "active", 
                    "VpcSecurityGroupId": "sg-022e569342016e140"
                }
            ], 
            "InstanceCreateTime": "2019-03-11T00:59:58.718Z", 
            "CopyTagsToSnapshot": false, 
            "OptionGroupMemberships": [
                {
                    "Status": "in-sync", 
                    "OptionGroupName": "default:aurora-postgresql-9-6"
                }
            ], 
            "PendingModifiedValues": {}, 
            "Engine": "aurora-postgresql", 
            "MultiAZ": false, 
            "DBSecurityGroups": [], 
            "DBParameterGroups": [
                {
                    "DBParameterGroupName": "default.aurora-postgresql9.6", 
                    "ParameterApplyStatus": "in-sync"
                }
            ], 
            "PerformanceInsightsEnabled": true, 
            "PerformanceInsightsRetentionPeriod": 7, 
            "AutoMinorVersionUpgrade": true, 
            "PreferredBackupWindow": "14:21-14:51", 
            "PromotionTier": 1, 
            "DBSubnetGroup": {
                "Subnets": [
                    {
                        "SubnetStatus": "Active", 
                        "SubnetIdentifier": "subnet-03a49b8fff8056d50", 
                        "SubnetAvailabilityZone": {
                            "Name": "ap-southeast-2a"
                        }
                    }, 
                    {
                        "SubnetStatus": "Active", 
                        "SubnetIdentifier": "subnet-02d2878d0a305ae41", 
                        "SubnetAvailabilityZone": {
                            "Name": "ap-southeast-2c"
                        }
                    }, 
                    {
                        "SubnetStatus": "Active", 
                        "SubnetIdentifier": "subnet-0d0f935b98e8485ad", 
                        "SubnetAvailabilityZone": {
                            "Name": "ap-southeast-2b"
                        }
                    }
                ], 
                "DBSubnetGroupName": "default-vpc-0bba6567db0e60161", 
                "VpcId": "vpc-0bba6567db0e60161", 
                "DBSubnetGroupDescription": "Created from the RDS Management Console", 
                "SubnetGroupStatus": "Complete"
            }, 
            "ReadReplicaDBInstanceIdentifiers": [], 
            "AllocatedStorage": 1, 
            "DBInstanceArn": "arn:aws:rds:ap-southeast-2:884998542479:db:kag-mainnet-oceania-ap-southeast-2b", 
            "BackupRetentionPeriod": 7, 
            "DBName": "KAGMainnetOceania", 
            "PreferredMaintenanceWindow": "wed:15:59-wed:16:29", 
            "Endpoint": {
                "HostedZoneId": "Z32T0VRHXEXS0V", 
                "Port": 5432, 
                "Address": "kag-mainnet-oceania-ap-southeast-2b.ctjvfnzus5vh.ap-southeast-2.rds.amazonaws.com"
            }, 
            "DBInstanceStatus": "available", 
            "PerformanceInsightsKMSKeyId": "arn:aws:kms:ap-southeast-2:884998542479:key/76572845-1d46-473d-8c8f-f0a328d818fb", 
            "IAMDatabaseAuthenticationEnabled": false, 
            "EngineVersion": "9.6.12", 
            "EnhancedMonitoringResourceArn": "arn:aws:logs:ap-southeast-2:884998542479:log-group:RDSOSMetrics:log-stream:db-TL5UNVZ7UOWSADM7MOZXUAQJPM", 
            "DeletionProtection": false, 
            "AvailabilityZone": "ap-southeast-2b", 
            "DomainMemberships": [], 
            "DBClusterIdentifier": "kag-mainnet-oceania", 
            "StorageType": "aurora", 
            "DbiResourceId": "db-TL5UNVZ7UOWSADM7MOZXUAQJPM", 
            "CACertificateIdentifier": "rds-ca-2019", 
            "KmsKeyId": "arn:aws:kms:ap-southeast-2:884998542479:key/76572845-1d46-473d-8c8f-f0a328d818fb", 
            "StorageEncrypted": true, 
            "AssociatedRoles": [], 
            "DBInstanceClass": "db.r4.large", 
            "DbInstancePort": 0, 
            "DBInstanceIdentifier": "kag-mainnet-oceania-ap-southeast-2b"
        }, 
        {
            "PubliclyAccessible": true, 
            "MasterUsername": "postgres", 
            "MonitoringInterval": 0, 
            "LicenseModel": "postgresql-license", 
            "VpcSecurityGroups": [
                {
                    "Status": "active", 
                    "VpcSecurityGroupId": "sg-022e569342016e140"
                }
            ], 
            "InstanceCreateTime": "2019-03-11T01:07:09.565Z", 
            "CopyTagsToSnapshot": false, 
            "OptionGroupMemberships": [
                {
                    "Status": "in-sync", 
                    "OptionGroupName": "default:aurora-postgresql-9-6"
                }
            ], 
            "PendingModifiedValues": {}, 
            "Engine": "aurora-postgresql", 
            "MultiAZ": false, 
            "DBSecurityGroups": [], 
            "DBParameterGroups": [
                {
                    "DBParameterGroupName": "default.aurora-postgresql9.6", 
                    "ParameterApplyStatus": "in-sync"
                }
            ], 
            "PerformanceInsightsEnabled": true, 
            "AutoMinorVersionUpgrade": true, 
            "PreferredBackupWindow": "14:21-14:51", 
            "PromotionTier": 1, 
            "DBSubnetGroup": {
                "Subnets": [
                    {
                        "SubnetStatus": "Active", 
                        "SubnetIdentifier": "subnet-03a49b8fff8056d50", 
                        "SubnetAvailabilityZone": {
                            "Name": "ap-southeast-2a"
                        }
                    }, 
                    {
                        "SubnetStatus": "Active", 
                        "SubnetIdentifier": "subnet-02d2878d0a305ae41", 
                        "SubnetAvailabilityZone": {
                            "Name": "ap-southeast-2c"
                        }
                    }, 
                    {
                        "SubnetStatus": "Active", 
                        "SubnetIdentifier": "subnet-0d0f935b98e8485ad", 
                        "SubnetAvailabilityZone": {
                            "Name": "ap-southeast-2b"
                        }
                    }
                ], 
                "DBSubnetGroupName": "default-vpc-0bba6567db0e60161", 
                "VpcId": "vpc-0bba6567db0e60161", 
                "DBSubnetGroupDescription": "Created from the RDS Management Console", 
                "SubnetGroupStatus": "Complete"
            }, 
            "ReadReplicaDBInstanceIdentifiers": [], 
            "AllocatedStorage": 1, 
            "DBInstanceArn": "arn:aws:rds:ap-southeast-2:884998542479:db:kag-mainnet-oceania-ap-southeast-2c", 
            "BackupRetentionPeriod": 7, 
            "DBName": "KAGMainnetOceania", 
            "PreferredMaintenanceWindow": "mon:12:17-mon:12:47", 
            "Endpoint": {
                "HostedZoneId": "Z32T0VRHXEXS0V", 
                "Port": 5432, 
                "Address": "kag-mainnet-oceania-ap-southeast-2c.ctjvfnzus5vh.ap-southeast-2.rds.amazonaws.com"
            }, 
            "DBInstanceStatus": "available", 
            "PerformanceInsightsKMSKeyId": "arn:aws:kms:ap-southeast-2:884998542479:key/76572845-1d46-473d-8c8f-f0a328d818fb", 
            "IAMDatabaseAuthenticationEnabled": false, 
            "EngineVersion": "9.6.12", 
            "DeletionProtection": false, 
            "AvailabilityZone": "ap-southeast-2c", 
            "DomainMemberships": [], 
            "DBClusterIdentifier": "kag-mainnet-oceania", 
            "StorageType": "aurora", 
            "DbiResourceId": "db-NJEJFSD4V4IEXREJMRCE76D7WM", 
            "CACertificateIdentifier": "rds-ca-2019", 
            "KmsKeyId": "arn:aws:kms:ap-southeast-2:884998542479:key/76572845-1d46-473d-8c8f-f0a328d818fb", 
            "StorageEncrypted": true, 
            "AssociatedRoles": [], 
            "DBInstanceClass": "db.r4.large", 
            "DbInstancePort": 0, 
            "DBInstanceIdentifier": "kag-mainnet-oceania-ap-southeast-2c"
        }, 
        {
            "PubliclyAccessible": true, 
            "MasterUsername": "postgres", 
            "MonitoringInterval": 0, 
            "LicenseModel": "postgresql-license", 
            "VpcSecurityGroups": [
                {
                    "Status": "active", 
                    "VpcSecurityGroupId": "sg-0fc5396f3249c19a9"
                }
            ], 
            "InstanceCreateTime": "2019-03-27T12:20:12.023Z", 
            "CopyTagsToSnapshot": true, 
            "OptionGroupMemberships": [
                {
                    "Status": "in-sync", 
                    "OptionGroupName": "default:postgres-9-6"
                }
            ], 
            "PendingModifiedValues": {}, 
            "Engine": "postgres", 
            "MultiAZ": false, 
            "LatestRestorableTime": "2020-02-06T13:20:15Z", 
            "DBSecurityGroups": [], 
            "DBParameterGroups": [
                {
                    "DBParameterGroupName": "default.postgres9.6", 
                    "ParameterApplyStatus": "in-sync"
                }
            ], 
            "PerformanceInsightsEnabled": false, 
            "AutoMinorVersionUpgrade": true, 
            "PreferredBackupWindow": "13:38-14:08", 
            "DBSubnetGroup": {
                "Subnets": [
                    {
                        "SubnetStatus": "Active", 
                        "SubnetIdentifier": "subnet-039c092ae74f58838", 
                        "SubnetAvailabilityZone": {
                            "Name": "ap-southeast-2a"
                        }
                    }, 
                    {
                        "SubnetStatus": "Active", 
                        "SubnetIdentifier": "subnet-02a8341b65b7b1643", 
                        "SubnetAvailabilityZone": {
                            "Name": "ap-southeast-2c"
                        }
                    }, 
                    {
                        "SubnetStatus": "Active", 
                        "SubnetIdentifier": "subnet-0d0d6d79ddbe55b1f", 
                        "SubnetAvailabilityZone": {
                            "Name": "ap-southeast-2b"
                        }
                    }
                ], 
                "DBSubnetGroupName": "default-vpc-00536ad0504c6dc50", 
                "VpcId": "vpc-00536ad0504c6dc50", 
                "DBSubnetGroupDescription": "Created from the RDS Management Console", 
                "SubnetGroupStatus": "Complete"
            }, 
            "ReadReplicaDBInstanceIdentifiers": [], 
            "AllocatedStorage": 20, 
            "DBInstanceArn": "arn:aws:rds:ap-southeast-2:884998542479:db:kag-testnet-oceania", 
            "BackupRetentionPeriod": 7, 
            "PreferredMaintenanceWindow": "sun:14:20-sun:14:50", 
            "Endpoint": {
                "HostedZoneId": "Z32T0VRHXEXS0V", 
                "Port": 5432, 
                "Address": "kag-testnet-oceania.ctjvfnzus5vh.ap-southeast-2.rds.amazonaws.com"
            }, 
            "DBInstanceStatus": "available", 
            "IAMDatabaseAuthenticationEnabled": false, 
            "EngineVersion": "9.6.11", 
            "DeletionProtection": false, 
            "AvailabilityZone": "ap-southeast-2a", 
            "DomainMemberships": [], 
            "StorageType": "gp2", 
            "DbiResourceId": "db-R6PHUI25OVCUKZDQQQHGMQDATE", 
            "CACertificateIdentifier": "rds-ca-2019", 
            "StorageEncrypted": false, 
            "AssociatedRoles": [], 
            "DBInstanceClass": "db.t2.small", 
            "DbInstancePort": 0, 
            "DBInstanceIdentifier": "kag-testnet-oceania"
        }, 
        {
            "PubliclyAccessible": true, 
            "MasterUsername": "postgres", 
            "MonitoringInterval": 60, 
            "LicenseModel": "postgresql-license", 
            "MonitoringRoleArn": "arn:aws:iam::884998542479:role/rds-monitoring-role", 
            "VpcSecurityGroups": [
                {
                    "Status": "active", 
                    "VpcSecurityGroupId": "sg-0c71c039d03d9d29d"
                }, 
                {
                    "Status": "active", 
                    "VpcSecurityGroupId": "sg-02b26698820001180"
                }
            ], 
            "InstanceCreateTime": "2019-03-20T01:35:36.955Z", 
            "CopyTagsToSnapshot": false, 
            "OptionGroupMemberships": [
                {
                    "Status": "in-sync", 
                    "OptionGroupName": "default:aurora-postgresql-9-6"
                }
            ], 
            "PendingModifiedValues": {}, 
            "Engine": "aurora-postgresql", 
            "MultiAZ": false, 
            "DBSecurityGroups": [], 
            "DBParameterGroups": [
                {
                    "DBParameterGroupName": "default.aurora-postgresql9.6", 
                    "ParameterApplyStatus": "in-sync"
                }
            ], 
            "PerformanceInsightsEnabled": true, 
            "PerformanceInsightsRetentionPeriod": 7, 
            "AutoMinorVersionUpgrade": true, 
            "PreferredBackupWindow": "17:50-18:20", 
            "PromotionTier": 1, 
            "DBSubnetGroup": {
                "Subnets": [
                    {
                        "SubnetStatus": "Active", 
                        "SubnetIdentifier": "subnet-0fbab8503e449bece", 
                        "SubnetAvailabilityZone": {
                            "Name": "ap-southeast-2a"
                        }
                    }, 
                    {
                        "SubnetStatus": "Active", 
                        "SubnetIdentifier": "subnet-0257e88f7096073d0", 
                        "SubnetAvailabilityZone": {
                            "Name": "ap-southeast-2c"
                        }
                    }, 
                    {
                        "SubnetStatus": "Active", 
                        "SubnetIdentifier": "subnet-0795a7f084a346702", 
                        "SubnetAvailabilityZone": {
                            "Name": "ap-southeast-2b"
                        }
                    }
                ], 
                "DBSubnetGroupName": "default-vpc-00fe24f6f1523f58d", 
                "VpcId": "vpc-00fe24f6f1523f58d", 
                "DBSubnetGroupDescription": "Created from the RDS Management Console", 
                "SubnetGroupStatus": "Complete"
            }, 
            "ReadReplicaDBInstanceIdentifiers": [], 
            "AllocatedStorage": 1, 
            "DBInstanceArn": "arn:aws:rds:ap-southeast-2:884998542479:db:kau-mainnet-oceania-ap-southeast-2a", 
            "BackupRetentionPeriod": 7, 
            "DBName": "KAUMainnetOceania", 
            "PreferredMaintenanceWindow": "tue:15:04-tue:15:34", 
            "Endpoint": {
                "HostedZoneId": "Z32T0VRHXEXS0V", 
                "Port": 5432, 
                "Address": "kau-mainnet-oceania-ap-southeast-2a.ctjvfnzus5vh.ap-southeast-2.rds.amazonaws.com"
            }, 
            "DBInstanceStatus": "available", 
            "PerformanceInsightsKMSKeyId": "arn:aws:kms:ap-southeast-2:884998542479:key/76572845-1d46-473d-8c8f-f0a328d818fb", 
            "IAMDatabaseAuthenticationEnabled": false, 
            "EngineVersion": "9.6.12", 
            "EnhancedMonitoringResourceArn": "arn:aws:logs:ap-southeast-2:884998542479:log-group:RDSOSMetrics:log-stream:db-3AITT32RXHTRMU63ZSCANSM3E4", 
            "DeletionProtection": false, 
            "AvailabilityZone": "ap-southeast-2a", 
            "DomainMemberships": [], 
            "DBClusterIdentifier": "kau-mainnet-oceania", 
            "StorageType": "aurora", 
            "DbiResourceId": "db-3AITT32RXHTRMU63ZSCANSM3E4", 
            "CACertificateIdentifier": "rds-ca-2019", 
            "KmsKeyId": "arn:aws:kms:ap-southeast-2:884998542479:key/76572845-1d46-473d-8c8f-f0a328d818fb", 
            "StorageEncrypted": true, 
            "AssociatedRoles": [], 
            "DBInstanceClass": "db.r4.large", 
            "DbInstancePort": 0, 
            "DBInstanceIdentifier": "kau-mainnet-oceania-ap-southeast-2a"
        }, 
        {
            "PubliclyAccessible": true, 
            "MasterUsername": "postgres", 
            "MonitoringInterval": 60, 
            "LicenseModel": "postgresql-license", 
            "MonitoringRoleArn": "arn:aws:iam::884998542479:role/rds-monitoring-role", 
            "VpcSecurityGroups": [
                {
                    "Status": "active", 
                    "VpcSecurityGroupId": "sg-0c71c039d03d9d29d"
                }, 
                {
                    "Status": "active", 
                    "VpcSecurityGroupId": "sg-02b26698820001180"
                }
            ], 
            "InstanceCreateTime": "2019-03-20T01:40:59.227Z", 
            "CopyTagsToSnapshot": false, 
            "OptionGroupMemberships": [
                {
                    "Status": "in-sync", 
                    "OptionGroupName": "default:aurora-postgresql-9-6"
                }
            ], 
            "PendingModifiedValues": {}, 
            "Engine": "aurora-postgresql", 
            "MultiAZ": false, 
            "DBSecurityGroups": [], 
            "DBParameterGroups": [
                {
                    "DBParameterGroupName": "default.aurora-postgresql9.6", 
                    "ParameterApplyStatus": "in-sync"
                }
            ], 
            "PerformanceInsightsEnabled": true, 
            "PerformanceInsightsRetentionPeriod": 7, 
            "AutoMinorVersionUpgrade": true, 
            "PreferredBackupWindow": "17:50-18:20", 
            "PromotionTier": 1, 
            "DBSubnetGroup": {
                "Subnets": [
                    {
                        "SubnetStatus": "Active", 
                        "SubnetIdentifier": "subnet-0fbab8503e449bece", 
                        "SubnetAvailabilityZone": {
                            "Name": "ap-southeast-2a"
                        }
                    }, 
                    {
                        "SubnetStatus": "Active", 
                        "SubnetIdentifier": "subnet-0257e88f7096073d0", 
                        "SubnetAvailabilityZone": {
                            "Name": "ap-southeast-2c"
                        }
                    }, 
                    {
                        "SubnetStatus": "Active", 
                        "SubnetIdentifier": "subnet-0795a7f084a346702", 
                        "SubnetAvailabilityZone": {
                            "Name": "ap-southeast-2b"
                        }
                    }
                ], 
                "DBSubnetGroupName": "default-vpc-00fe24f6f1523f58d", 
                "VpcId": "vpc-00fe24f6f1523f58d", 
                "DBSubnetGroupDescription": "Created from the RDS Management Console", 
                "SubnetGroupStatus": "Complete"
            }, 
            "ReadReplicaDBInstanceIdentifiers": [], 
            "AllocatedStorage": 1, 
            "DBInstanceArn": "arn:aws:rds:ap-southeast-2:884998542479:db:kau-mainnet-oceania-ap-southeast-2b", 
            "BackupRetentionPeriod": 7, 
            "DBName": "KAUMainnetOceania", 
            "PreferredMaintenanceWindow": "wed:16:57-wed:17:27", 
            "Endpoint": {
                "HostedZoneId": "Z32T0VRHXEXS0V", 
                "Port": 5432, 
                "Address": "kau-mainnet-oceania-ap-southeast-2b.ctjvfnzus5vh.ap-southeast-2.rds.amazonaws.com"
            }, 
            "DBInstanceStatus": "available", 
            "PerformanceInsightsKMSKeyId": "arn:aws:kms:ap-southeast-2:884998542479:key/76572845-1d46-473d-8c8f-f0a328d818fb", 
            "IAMDatabaseAuthenticationEnabled": false, 
            "EngineVersion": "9.6.12", 
            "EnhancedMonitoringResourceArn": "arn:aws:logs:ap-southeast-2:884998542479:log-group:RDSOSMetrics:log-stream:db-WLODLYYNAJCNZ3MHELJWZCW4YM", 
            "DeletionProtection": false, 
            "AvailabilityZone": "ap-southeast-2b", 
            "DomainMemberships": [], 
            "DBClusterIdentifier": "kau-mainnet-oceania", 
            "StorageType": "aurora", 
            "DbiResourceId": "db-WLODLYYNAJCNZ3MHELJWZCW4YM", 
            "CACertificateIdentifier": "rds-ca-2019", 
            "KmsKeyId": "arn:aws:kms:ap-southeast-2:884998542479:key/76572845-1d46-473d-8c8f-f0a328d818fb", 
            "StorageEncrypted": true, 
            "AssociatedRoles": [], 
            "DBInstanceClass": "db.r4.large", 
            "DbInstancePort": 0, 
            "DBInstanceIdentifier": "kau-mainnet-oceania-ap-southeast-2b"
        }, 
        {
            "PubliclyAccessible": true, 
            "MasterUsername": "postgres", 
            "MonitoringInterval": 0, 
            "LicenseModel": "postgresql-license", 
            "VpcSecurityGroups": [
                {
                    "Status": "active", 
                    "VpcSecurityGroupId": "sg-02b26698820001180"
                }, 
                {
                    "Status": "active", 
                    "VpcSecurityGroupId": "sg-0c71c039d03d9d29d"
                }
            ], 
            "InstanceCreateTime": "2019-03-20T02:04:07.713Z", 
            "CopyTagsToSnapshot": false, 
            "OptionGroupMemberships": [
                {
                    "Status": "in-sync", 
                    "OptionGroupName": "default:aurora-postgresql-9-6"
                }
            ], 
            "PendingModifiedValues": {}, 
            "Engine": "aurora-postgresql", 
            "MultiAZ": false, 
            "DBSecurityGroups": [], 
            "DBParameterGroups": [
                {
                    "DBParameterGroupName": "default.aurora-postgresql9.6", 
                    "ParameterApplyStatus": "in-sync"
                }
            ], 
            "PerformanceInsightsEnabled": true, 
            "AutoMinorVersionUpgrade": true, 
            "PreferredBackupWindow": "17:50-18:20", 
            "PromotionTier": 1, 
            "DBSubnetGroup": {
                "Subnets": [
                    {
                        "SubnetStatus": "Active", 
                        "SubnetIdentifier": "subnet-0fbab8503e449bece", 
                        "SubnetAvailabilityZone": {
                            "Name": "ap-southeast-2a"
                        }
                    }, 
                    {
                        "SubnetStatus": "Active", 
                        "SubnetIdentifier": "subnet-0257e88f7096073d0", 
                        "SubnetAvailabilityZone": {
                            "Name": "ap-southeast-2c"
                        }
                    }, 
                    {
                        "SubnetStatus": "Active", 
                        "SubnetIdentifier": "subnet-0795a7f084a346702", 
                        "SubnetAvailabilityZone": {
                            "Name": "ap-southeast-2b"
                        }
                    }
                ], 
                "DBSubnetGroupName": "default-vpc-00fe24f6f1523f58d", 
                "VpcId": "vpc-00fe24f6f1523f58d", 
                "DBSubnetGroupDescription": "Created from the RDS Management Console", 
                "SubnetGroupStatus": "Complete"
            }, 
            "ReadReplicaDBInstanceIdentifiers": [], 
            "AllocatedStorage": 1, 
            "DBInstanceArn": "arn:aws:rds:ap-southeast-2:884998542479:db:kau-mainnet-oceania-ap-southeast-2c", 
            "BackupRetentionPeriod": 7, 
            "DBName": "KAUMainnetOceania", 
            "PreferredMaintenanceWindow": "tue:15:04-tue:15:34", 
            "Endpoint": {
                "HostedZoneId": "Z32T0VRHXEXS0V", 
                "Port": 5432, 
                "Address": "kau-mainnet-oceania-ap-southeast-2c.ctjvfnzus5vh.ap-southeast-2.rds.amazonaws.com"
            }, 
            "DBInstanceStatus": "available", 
            "PerformanceInsightsKMSKeyId": "arn:aws:kms:ap-southeast-2:884998542479:key/76572845-1d46-473d-8c8f-f0a328d818fb", 
            "IAMDatabaseAuthenticationEnabled": false, 
            "EngineVersion": "9.6.12", 
            "DeletionProtection": false, 
            "AvailabilityZone": "ap-southeast-2c", 
            "DomainMemberships": [], 
            "DBClusterIdentifier": "kau-mainnet-oceania", 
            "StorageType": "aurora", 
            "DbiResourceId": "db-YY5Z6BHX27CR3EEPEN5LWC4GTU", 
            "CACertificateIdentifier": "rds-ca-2019", 
            "KmsKeyId": "arn:aws:kms:ap-southeast-2:884998542479:key/76572845-1d46-473d-8c8f-f0a328d818fb", 
            "StorageEncrypted": true, 
            "AssociatedRoles": [], 
            "DBInstanceClass": "db.r4.large", 
            "DbInstancePort": 0, 
            "DBInstanceIdentifier": "kau-mainnet-oceania-ap-southeast-2c"
        }, 
        {
            "PubliclyAccessible": true, 
            "MasterUsername": "postgres", 
            "MonitoringInterval": 0, 
            "LicenseModel": "postgresql-license", 
            "VpcSecurityGroups": [
                {
                    "Status": "active", 
                    "VpcSecurityGroupId": "sg-0ecd74ce781061040"
                }
            ], 
            "InstanceCreateTime": "2019-03-28T04:05:53.958Z", 
            "CopyTagsToSnapshot": true, 
            "OptionGroupMemberships": [
                {
                    "Status": "in-sync", 
                    "OptionGroupName": "default:postgres-9-6"
                }
            ], 
            "PendingModifiedValues": {}, 
            "Engine": "postgres", 
            "MultiAZ": false, 
            "LatestRestorableTime": "2020-02-06T13:20:29Z", 
            "DBSecurityGroups": [], 
            "DBParameterGroups": [
                {
                    "DBParameterGroupName": "default.postgres9.6", 
                    "ParameterApplyStatus": "in-sync"
                }
            ], 
            "PerformanceInsightsEnabled": false, 
            "AutoMinorVersionUpgrade": true, 
            "PreferredBackupWindow": "12:58-13:28", 
            "DBSubnetGroup": {
                "Subnets": [
                    {
                        "SubnetStatus": "Active", 
                        "SubnetIdentifier": "subnet-090b106e42e46a0f8", 
                        "SubnetAvailabilityZone": {
                            "Name": "ap-southeast-2a"
                        }
                    }, 
                    {
                        "SubnetStatus": "Active", 
                        "SubnetIdentifier": "subnet-0374b5a2f4e39ee41", 
                        "SubnetAvailabilityZone": {
                            "Name": "ap-southeast-2c"
                        }
                    }, 
                    {
                        "SubnetStatus": "Active", 
                        "SubnetIdentifier": "subnet-0c2d2df84404c9a4f", 
                        "SubnetAvailabilityZone": {
                            "Name": "ap-southeast-2b"
                        }
                    }
                ], 
                "DBSubnetGroupName": "default-vpc-0c425b43b5e9c3703", 
                "VpcId": "vpc-0c425b43b5e9c3703", 
                "DBSubnetGroupDescription": "Created from the RDS Management Console", 
                "SubnetGroupStatus": "Complete"
            }, 
            "ReadReplicaDBInstanceIdentifiers": [], 
            "AllocatedStorage": 20, 
            "DBInstanceArn": "arn:aws:rds:ap-southeast-2:884998542479:db:kau-testnet-oceania", 
            "BackupRetentionPeriod": 7, 
            "DBName": "KAUTestnetOceania", 
            "PreferredMaintenanceWindow": "thu:18:58-thu:19:28", 
            "Endpoint": {
                "HostedZoneId": "Z32T0VRHXEXS0V", 
                "Port": 5432, 
                "Address": "kau-testnet-oceania.ctjvfnzus5vh.ap-southeast-2.rds.amazonaws.com"
            }, 
            "DBInstanceStatus": "available", 
            "IAMDatabaseAuthenticationEnabled": false, 
            "EngineVersion": "9.6.11", 
            "DeletionProtection": false, 
            "AvailabilityZone": "ap-southeast-2c", 
            "DomainMemberships": [], 
            "StorageType": "gp2", 
            "DbiResourceId": "db-NDITHPBB7K7RHKFHTPQWHUHEXA", 
            "CACertificateIdentifier": "rds-ca-2019", 
            "StorageEncrypted": false, 
            "AssociatedRoles": [], 
            "DBInstanceClass": "db.t2.small", 
            "DbInstancePort": 0, 
            "DBInstanceIdentifier": "kau-testnet-oceania"
        }, 
        {
            "PubliclyAccessible": false, 
            "MasterUsername": "postgres", 
            "MonitoringInterval": 0, 
            "LicenseModel": "postgresql-license", 
            "VpcSecurityGroups": [
                {
                    "Status": "active", 
                    "VpcSecurityGroupId": "sg-005a09ea78df2b242"
                }
            ], 
            "InstanceCreateTime": "2019-09-03T16:21:28.276Z", 
            "CopyTagsToSnapshot": true, 
            "OptionGroupMemberships": [
                {
                    "Status": "in-sync", 
                    "OptionGroupName": "default:postgres-9-6"
                }
            ], 
            "PendingModifiedValues": {}, 
            "Engine": "postgres", 
            "MultiAZ": false, 
            "LatestRestorableTime": "2020-02-06T13:19:46Z", 
            "DBSecurityGroups": [], 
            "DBParameterGroups": [
                {
                    "DBParameterGroupName": "kbe-int-rdsdebitcardpostgres-53idexb7jxl6-databaseparametergroup-lop71pu35j2d", 
                    "ParameterApplyStatus": "in-sync"
                }
            ], 
            "PerformanceInsightsEnabled": false, 
            "AutoMinorVersionUpgrade": true, 
            "PreferredBackupWindow": "12:52-13:22", 
            "DBSubnetGroup": {
                "Subnets": [
                    {
                        "SubnetStatus": "Active", 
                        "SubnetIdentifier": "subnet-02212a2dd04f420ff", 
                        "SubnetAvailabilityZone": {
                            "Name": "ap-southeast-2a"
                        }
                    }, 
                    {
                        "SubnetStatus": "Active", 
                        "SubnetIdentifier": "subnet-0dfb5b7de21f854ec", 
                        "SubnetAvailabilityZone": {
                            "Name": "ap-southeast-2c"
                        }
                    }, 
                    {
                        "SubnetStatus": "Active", 
                        "SubnetIdentifier": "subnet-09aadb6a20d419fd1", 
                        "SubnetAvailabilityZone": {
                            "Name": "ap-southeast-2b"
                        }
                    }
                ], 
                "DBSubnetGroupName": "kbe-int-rdsdebitcardpostgres-53idexb7jxl6-databasesubnetgroup-kxymapjwehlf", 
                "VpcId": "vpc-0abacd0fa06697e09", 
                "DBSubnetGroupDescription": "Subnets for RDS Postgres DB", 
                "SubnetGroupStatus": "Complete"
            }, 
            "ReadReplicaDBInstanceIdentifiers": [], 
            "AllocatedStorage": 250, 
            "DBInstanceArn": "arn:aws:rds:ap-southeast-2:884998542479:db:kedebitcardint", 
            "BackupRetentionPeriod": 10, 
            "DBName": "kedebitcardint", 
            "PreferredMaintenanceWindow": "mon:17:39-mon:18:09", 
            "Endpoint": {
                "HostedZoneId": "Z32T0VRHXEXS0V", 
                "Port": 5432, 
                "Address": "kedebitcardint.ctjvfnzus5vh.ap-southeast-2.rds.amazonaws.com"
            }, 
            "DBInstanceStatus": "available", 
            "IAMDatabaseAuthenticationEnabled": false, 
            "EngineVersion": "9.6.11", 
            "DeletionProtection": false, 
            "AvailabilityZone": "ap-southeast-2b", 
            "DomainMemberships": [], 
            "StorageType": "gp2", 
            "DbiResourceId": "db-4UVD3N4UPEY72LL5OFIOCYTHMY", 
            "CACertificateIdentifier": "rds-ca-2019", 
            "KmsKeyId": "arn:aws:kms:ap-southeast-2:884998542479:key/76572845-1d46-473d-8c8f-f0a328d818fb", 
            "StorageEncrypted": true, 
            "AssociatedRoles": [], 
            "DBInstanceClass": "db.t3.small", 
            "DbInstancePort": 0, 
            "DBInstanceIdentifier": "kedebitcardint"
        }, 
        {
            "PubliclyAccessible": false, 
            "MasterUsername": "postgres", 
            "MonitoringInterval": 0, 
            "LicenseModel": "postgresql-license", 
            "VpcSecurityGroups": [
                {
                    "Status": "active", 
                    "VpcSecurityGroupId": "sg-0c76aba5053d671de"
                }
            ], 
            "InstanceCreateTime": "2019-09-06T03:49:50.314Z", 
            "CopyTagsToSnapshot": true, 
            "OptionGroupMemberships": [
                {
                    "Status": "in-sync", 
                    "OptionGroupName": "default:postgres-9-6"
                }
            ], 
            "PendingModifiedValues": {}, 
            "Engine": "postgres", 
            "MultiAZ": true, 
            "LatestRestorableTime": "2020-02-06T13:17:57Z", 
            "DBSecurityGroups": [], 
            "DBParameterGroups": [
                {
                    "DBParameterGroupName": "kbe-prod-rdsdebitcardpostgres-1dxhujxferojq-databaseparametergroup-48ewckg5i3di", 
                    "ParameterApplyStatus": "in-sync"
                }
            ], 
            "PerformanceInsightsEnabled": false, 
            "AutoMinorVersionUpgrade": true, 
            "PreferredBackupWindow": "18:45-19:15", 
            "DBSubnetGroup": {
                "Subnets": [
                    {
                        "SubnetStatus": "Active", 
                        "SubnetIdentifier": "subnet-08a39a27d2a11b60c", 
                        "SubnetAvailabilityZone": {
                            "Name": "ap-southeast-2c"
                        }
                    }, 
                    {
                        "SubnetStatus": "Active", 
                        "SubnetIdentifier": "subnet-014571a0953810f8c", 
                        "SubnetAvailabilityZone": {
                            "Name": "ap-southeast-2a"
                        }
                    }, 
                    {
                        "SubnetStatus": "Active", 
                        "SubnetIdentifier": "subnet-0d84969d48ecd7c5c", 
                        "SubnetAvailabilityZone": {
                            "Name": "ap-southeast-2b"
                        }
                    }
                ], 
                "DBSubnetGroupName": "kbe-prod-rdsdebitcardpostgres-1dxhujxferojq-databasesubnetgroup-my9ihwpmkcen", 
                "VpcId": "vpc-01c5d2bb39b9a996b", 
                "DBSubnetGroupDescription": "Subnets for RDS Postgres DB", 
                "SubnetGroupStatus": "Complete"
            }, 
            "SecondaryAvailabilityZone": "ap-southeast-2c", 
            "ReadReplicaDBInstanceIdentifiers": [], 
            "AllocatedStorage": 250, 
            "DBInstanceArn": "arn:aws:rds:ap-southeast-2:884998542479:db:kedebitcardprod", 
            "BackupRetentionPeriod": 10, 
            "DBName": "kedebitcardprod", 
            "PreferredMaintenanceWindow": "sat:18:12-sat:18:42", 
            "Endpoint": {
                "HostedZoneId": "Z32T0VRHXEXS0V", 
                "Port": 5432, 
                "Address": "kedebitcardprod.ctjvfnzus5vh.ap-southeast-2.rds.amazonaws.com"
            }, 
            "DBInstanceStatus": "available", 
            "IAMDatabaseAuthenticationEnabled": false, 
            "EngineVersion": "9.6.11", 
            "DeletionProtection": false, 
            "AvailabilityZone": "ap-southeast-2b", 
            "DomainMemberships": [], 
            "StorageType": "gp2", 
            "DbiResourceId": "db-SWPEGKRJ2O4DDVPLUG2MVEPWGQ", 
            "CACertificateIdentifier": "rds-ca-2019", 
            "KmsKeyId": "arn:aws:kms:ap-southeast-2:884998542479:key/76572845-1d46-473d-8c8f-f0a328d818fb", 
            "StorageEncrypted": true, 
            "AssociatedRoles": [], 
            "DBInstanceClass": "db.t2.small", 
            "DbInstancePort": 0, 
            "DBInstanceIdentifier": "kedebitcardprod"
        }, 
        {
            "PubliclyAccessible": false, 
            "MasterUsername": "postgres", 
            "MonitoringInterval": 0, 
            "LicenseModel": "postgresql-license", 
            "VpcSecurityGroups": [
                {
                    "Status": "active", 
                    "VpcSecurityGroupId": "sg-043af82656681175a"
                }
            ], 
            "InstanceCreateTime": "2019-09-04T09:10:40.621Z", 
            "CopyTagsToSnapshot": true, 
            "OptionGroupMemberships": [
                {
                    "Status": "in-sync", 
                    "OptionGroupName": "default:postgres-9-6"
                }
            ], 
            "PendingModifiedValues": {}, 
            "Engine": "postgres", 
            "MultiAZ": false, 
            "LatestRestorableTime": "2020-02-06T13:18:41Z", 
            "DBSecurityGroups": [], 
            "DBParameterGroups": [
                {
                    "DBParameterGroupName": "kbe-uat-rdsdebitcardpostgres-1v2rawp02cd9s-databaseparametergroup-9yu1sr4vz9al", 
                    "ParameterApplyStatus": "in-sync"
                }
            ], 
            "PerformanceInsightsEnabled": false, 
            "AutoMinorVersionUpgrade": true, 
            "PreferredBackupWindow": "18:41-19:11", 
            "DBSubnetGroup": {
                "Subnets": [
                    {
                        "SubnetStatus": "Active", 
                        "SubnetIdentifier": "subnet-0d4487ae38fa7bebc", 
                        "SubnetAvailabilityZone": {
                            "Name": "ap-southeast-2b"
                        }
                    }, 
                    {
                        "SubnetStatus": "Active", 
                        "SubnetIdentifier": "subnet-05060f58d3622ea95", 
                        "SubnetAvailabilityZone": {
                            "Name": "ap-southeast-2a"
                        }
                    }, 
                    {
                        "SubnetStatus": "Active", 
                        "SubnetIdentifier": "subnet-0cc8b76c40a8b90cb", 
                        "SubnetAvailabilityZone": {
                            "Name": "ap-southeast-2c"
                        }
                    }
                ], 
                "DBSubnetGroupName": "kbe-uat-rdsdebitcardpostgres-1v2rawp02cd9s-databasesubnetgroup-gwaaogwariv5", 
                "VpcId": "vpc-0fcda2274f8b7b04f", 
                "DBSubnetGroupDescription": "Subnets for RDS Postgres DB", 
                "SubnetGroupStatus": "Complete"
            }, 
            "ReadReplicaDBInstanceIdentifiers": [], 
            "AllocatedStorage": 250, 
            "DBInstanceArn": "arn:aws:rds:ap-southeast-2:884998542479:db:kedebitcarduat", 
            "BackupRetentionPeriod": 10, 
            "DBName": "kedebitcarduat", 
            "PreferredMaintenanceWindow": "thu:14:11-thu:14:41", 
            "Endpoint": {
                "HostedZoneId": "Z32T0VRHXEXS0V", 
                "Port": 5432, 
                "Address": "kedebitcarduat.ctjvfnzus5vh.ap-southeast-2.rds.amazonaws.com"
            }, 
            "DBInstanceStatus": "available", 
            "IAMDatabaseAuthenticationEnabled": false, 
            "EngineVersion": "9.6.11", 
            "DeletionProtection": false, 
            "AvailabilityZone": "ap-southeast-2b", 
            "DomainMemberships": [], 
            "StorageType": "gp2", 
            "DbiResourceId": "db-OSAWEM3CFCRANKKLBMSAWEBUXE", 
            "CACertificateIdentifier": "rds-ca-2019", 
            "KmsKeyId": "arn:aws:kms:ap-southeast-2:884998542479:key/76572845-1d46-473d-8c8f-f0a328d818fb", 
            "StorageEncrypted": true, 
            "AssociatedRoles": [], 
            "DBInstanceClass": "db.t3.small", 
            "DbInstancePort": 0, 
            "DBInstanceIdentifier": "kedebitcarduat"
        }, 
        {
            "PubliclyAccessible": false, 
            "MasterUsername": "postgres", 
            "MonitoringInterval": 0, 
            "LicenseModel": "postgresql-license", 
            "VpcSecurityGroups": [
                {
                    "Status": "active", 
                    "VpcSecurityGroupId": "sg-005a09ea78df2b242"
                }
            ], 
            "InstanceCreateTime": "2019-09-03T16:21:24.618Z", 
            "CopyTagsToSnapshot": true, 
            "OptionGroupMemberships": [
                {
                    "Status": "in-sync", 
                    "OptionGroupName": "default:postgres-9-6"
                }
            ], 
            "PendingModifiedValues": {}, 
            "Engine": "postgres", 
            "MultiAZ": false, 
            "LatestRestorableTime": "2020-02-06T13:15:47Z", 
            "DBSecurityGroups": [], 
            "DBParameterGroups": [
                {
                    "DBParameterGroupName": "kbe-int-rdsexchangepostgres-p4s7bkwtgypa-databaseparametergroup-y1buqxv5jji5", 
                    "ParameterApplyStatus": "in-sync"
                }
            ], 
            "PerformanceInsightsEnabled": false, 
            "AutoMinorVersionUpgrade": true, 
            "PreferredBackupWindow": "15:32-16:02", 
            "DBSubnetGroup": {
                "Subnets": [
                    {
                        "SubnetStatus": "Active", 
                        "SubnetIdentifier": "subnet-02212a2dd04f420ff", 
                        "SubnetAvailabilityZone": {
                            "Name": "ap-southeast-2a"
                        }
                    }, 
                    {
                        "SubnetStatus": "Active", 
                        "SubnetIdentifier": "subnet-0dfb5b7de21f854ec", 
                        "SubnetAvailabilityZone": {
                            "Name": "ap-southeast-2c"
                        }
                    }, 
                    {
                        "SubnetStatus": "Active", 
                        "SubnetIdentifier": "subnet-09aadb6a20d419fd1", 
                        "SubnetAvailabilityZone": {
                            "Name": "ap-southeast-2b"
                        }
                    }
                ], 
                "DBSubnetGroupName": "kbe-int-rdsexchangepostgres-p4s7bkwtgypa-databasesubnetgroup-16aflixzmc1ji", 
                "VpcId": "vpc-0abacd0fa06697e09", 
                "DBSubnetGroupDescription": "Subnets for RDS Postgres DB", 
                "SubnetGroupStatus": "Complete"
            }, 
            "ReadReplicaDBInstanceIdentifiers": [], 
            "AllocatedStorage": 250, 
            "DBInstanceArn": "arn:aws:rds:ap-southeast-2:884998542479:db:keint", 
            "BackupRetentionPeriod": 10, 
            "DBName": "keint", 
            "PreferredMaintenanceWindow": "mon:12:28-mon:12:58", 
            "Endpoint": {
                "HostedZoneId": "Z32T0VRHXEXS0V", 
                "Port": 5432, 
                "Address": "keint.ctjvfnzus5vh.ap-southeast-2.rds.amazonaws.com"
            }, 
            "DBInstanceStatus": "available", 
            "IAMDatabaseAuthenticationEnabled": false, 
            "EngineVersion": "9.6.11", 
            "EnhancedMonitoringResourceArn": "arn:aws:logs:ap-southeast-2:884998542479:log-group:RDSOSMetrics:log-stream:db-PRVP45DZ6ZWFVCWDQKF3EZMCVA", 
            "DeletionProtection": false, 
            "AvailabilityZone": "ap-southeast-2a", 
            "DomainMemberships": [], 
            "MonitoringRoleArn": "arn:aws:iam::884998542479:role/rds-monitoring-role", 
            "StorageType": "gp2", 
            "DbiResourceId": "db-PRVP45DZ6ZWFVCWDQKF3EZMCVA", 
            "CACertificateIdentifier": "rds-ca-2019", 
            "KmsKeyId": "arn:aws:kms:ap-southeast-2:884998542479:key/76572845-1d46-473d-8c8f-f0a328d818fb", 
            "StorageEncrypted": true, 
            "AssociatedRoles": [], 
            "DBInstanceClass": "db.t3.medium", 
            "DbInstancePort": 0, 
            "DBInstanceIdentifier": "keint"
        }, 
        {
            "PubliclyAccessible": false, 
            "MasterUsername": "postgres", 
            "MonitoringInterval": 0, 
            "LicenseModel": "postgresql-license", 
            "VpcSecurityGroups": [
                {
                    "Status": "active", 
                    "VpcSecurityGroupId": "sg-0c76aba5053d671de"
                }
            ], 
            "InstanceCreateTime": "2019-09-06T03:49:48.929Z", 
            "CopyTagsToSnapshot": true, 
            "OptionGroupMemberships": [
                {
                    "Status": "in-sync", 
                    "OptionGroupName": "default:postgres-9-6"
                }
            ], 
            "PendingModifiedValues": {}, 
            "Engine": "postgres", 
            "MultiAZ": true, 
            "LatestRestorableTime": "2020-02-06T13:19:47Z", 
            "DBSecurityGroups": [], 
            "DBParameterGroups": [
                {
                    "DBParameterGroupName": "kbe-prod-rdsexchangepostgres-1wbrwha7cjgfv-databaseparametergroup-km1yruj2zwsn", 
                    "ParameterApplyStatus": "in-sync"
                }
            ], 
            "PerformanceInsightsEnabled": false, 
            "AutoMinorVersionUpgrade": true, 
            "PreferredBackupWindow": "18:31-19:01", 
            "DBSubnetGroup": {
                "Subnets": [
                    {
                        "SubnetStatus": "Active", 
                        "SubnetIdentifier": "subnet-08a39a27d2a11b60c", 
                        "SubnetAvailabilityZone": {
                            "Name": "ap-southeast-2c"
                        }
                    }, 
                    {
                        "SubnetStatus": "Active", 
                        "SubnetIdentifier": "subnet-014571a0953810f8c", 
                        "SubnetAvailabilityZone": {
                            "Name": "ap-southeast-2a"
                        }
                    }, 
                    {
                        "SubnetStatus": "Active", 
                        "SubnetIdentifier": "subnet-0d84969d48ecd7c5c", 
                        "SubnetAvailabilityZone": {
                            "Name": "ap-southeast-2b"
                        }
                    }
                ], 
                "DBSubnetGroupName": "kbe-prod-rdsexchangepostgres-1wbrwha7cjgfv-databasesubnetgroup-1mhao77vmo0ep", 
                "VpcId": "vpc-01c5d2bb39b9a996b", 
                "DBSubnetGroupDescription": "Subnets for RDS Postgres DB", 
                "SubnetGroupStatus": "Complete"
            }, 
            "SecondaryAvailabilityZone": "ap-southeast-2a", 
            "ReadReplicaDBInstanceIdentifiers": [
                "keprod-b1"
            ], 
            "AllocatedStorage": 250, 
            "DBInstanceArn": "arn:aws:rds:ap-southeast-2:884998542479:db:keprod", 
            "BackupRetentionPeriod": 10, 
            "DBName": "keprod", 
            "PreferredMaintenanceWindow": "fri:14:52-fri:15:22", 
            "Endpoint": {
                "HostedZoneId": "Z32T0VRHXEXS0V", 
                "Port": 5432, 
                "Address": "keprod.ctjvfnzus5vh.ap-southeast-2.rds.amazonaws.com"
            }, 
            "DBInstanceStatus": "available", 
            "IAMDatabaseAuthenticationEnabled": false, 
            "EngineVersion": "9.6.11", 
            "DeletionProtection": false, 
            "AvailabilityZone": "ap-southeast-2b", 
            "DomainMemberships": [], 
            "StorageType": "gp2", 
            "DbiResourceId": "db-3Q775KA5NM6MFLTIHBWLABBUOU", 
            "CACertificateIdentifier": "rds-ca-2019", 
            "KmsKeyId": "arn:aws:kms:ap-southeast-2:884998542479:key/76572845-1d46-473d-8c8f-f0a328d818fb", 
            "StorageEncrypted": true, 
            "AssociatedRoles": [], 
            "DBInstanceClass": "db.m5.large", 
            "DbInstancePort": 0, 
            "DBInstanceIdentifier": "keprod"
        }, 
        {
            "PubliclyAccessible": false, 
            "MasterUsername": "postgres", 
            "MonitoringInterval": 0, 
            "LicenseModel": "postgresql-license", 
            "VpcSecurityGroups": [
                {
                    "Status": "active", 
                    "VpcSecurityGroupId": "sg-0c76aba5053d671de"
                }
            ], 
            "InstanceCreateTime": "2019-10-09T00:36:37.851Z", 
            "CopyTagsToSnapshot": false, 
            "OptionGroupMemberships": [
                {
                    "Status": "in-sync", 
                    "OptionGroupName": "default:postgres-9-6"
                }
            ], 
            "PendingModifiedValues": {}, 
            "Engine": "postgres", 
            "MultiAZ": false, 
            "DBSecurityGroups": [], 
            "DBParameterGroups": [
                {
                    "DBParameterGroupName": "kbe-prod-rdsexchangepostgres-1wbrwha7cjgfv-databaseparametergroup-km1yruj2zwsn", 
                    "ParameterApplyStatus": "in-sync"
                }
            ], 
            "PerformanceInsightsEnabled": false, 
            "ReadReplicaSourceDBInstanceIdentifier": "keprod", 
            "AutoMinorVersionUpgrade": true, 
            "PreferredBackupWindow": "18:31-19:01", 
            "DBSubnetGroup": {
                "Subnets": [
                    {
                        "SubnetStatus": "Active", 
                        "SubnetIdentifier": "subnet-08a39a27d2a11b60c", 
                        "SubnetAvailabilityZone": {
                            "Name": "ap-southeast-2c"
                        }
                    }, 
                    {
                        "SubnetStatus": "Active", 
                        "SubnetIdentifier": "subnet-014571a0953810f8c", 
                        "SubnetAvailabilityZone": {
                            "Name": "ap-southeast-2a"
                        }
                    }, 
                    {
                        "SubnetStatus": "Active", 
                        "SubnetIdentifier": "subnet-0d84969d48ecd7c5c", 
                        "SubnetAvailabilityZone": {
                            "Name": "ap-southeast-2b"
                        }
                    }
                ], 
                "DBSubnetGroupName": "kbe-prod-rdsexchangepostgres-1wbrwha7cjgfv-databasesubnetgroup-1mhao77vmo0ep", 
                "VpcId": "vpc-01c5d2bb39b9a996b", 
                "DBSubnetGroupDescription": "Subnets for RDS Postgres DB", 
                "SubnetGroupStatus": "Complete"
            }, 
            "ReadReplicaDBInstanceIdentifiers": [], 
            "AllocatedStorage": 250, 
            "DBInstanceArn": "arn:aws:rds:ap-southeast-2:884998542479:db:keprod-b1", 
            "BackupRetentionPeriod": 0, 
            "DBName": "keprod", 
            "PreferredMaintenanceWindow": "fri:14:52-fri:15:22", 
            "Endpoint": {
                "HostedZoneId": "Z32T0VRHXEXS0V", 
                "Port": 5432, 
                "Address": "keprod-b1.ctjvfnzus5vh.ap-southeast-2.rds.amazonaws.com"
            }, 
            "DBInstanceStatus": "available", 
            "IAMDatabaseAuthenticationEnabled": false, 
            "EngineVersion": "9.6.11", 
            "DeletionProtection": false, 
            "StatusInfos": [
                {
                    "Status": "replicating", 
                    "StatusType": "read replication", 
                    "Normal": true
                }
            ], 
            "AvailabilityZone": "ap-southeast-2c", 
            "DomainMemberships": [], 
            "StorageType": "gp2", 
            "DbiResourceId": "db-YYVOSRNYFDVRRQDYJBYV3YU3BA", 
            "CACertificateIdentifier": "rds-ca-2019", 
            "KmsKeyId": "arn:aws:kms:ap-southeast-2:884998542479:key/76572845-1d46-473d-8c8f-f0a328d818fb", 
            "StorageEncrypted": true, 
            "AssociatedRoles": [], 
            "DBInstanceClass": "db.t3.medium", 
            "DbInstancePort": 0, 
            "DBInstanceIdentifier": "keprod-b1"
        }, 
        {
            "PubliclyAccessible": false, 
            "MasterUsername": "postgres", 
            "MonitoringInterval": 0, 
            "LicenseModel": "postgresql-license", 
            "VpcSecurityGroups": [
                {
                    "Status": "active", 
                    "VpcSecurityGroupId": "sg-043af82656681175a"
                }
            ], 
            "InstanceCreateTime": "2019-09-04T09:10:44.572Z", 
            "CopyTagsToSnapshot": true, 
            "OptionGroupMemberships": [
                {
                    "Status": "in-sync", 
                    "OptionGroupName": "default:postgres-9-6"
                }
            ], 
            "PendingModifiedValues": {}, 
            "Engine": "postgres", 
            "MultiAZ": false, 
            "LatestRestorableTime": "2020-02-06T13:19:56Z", 
            "DBSecurityGroups": [], 
            "DBParameterGroups": [
                {
                    "DBParameterGroupName": "kbe-uat-rdsexchangepostgres-4bfw515gtton-databaseparametergroup-1644z1m2k4byl", 
                    "ParameterApplyStatus": "in-sync"
                }
            ], 
            "PerformanceInsightsEnabled": false, 
            "AutoMinorVersionUpgrade": true, 
            "PreferredBackupWindow": "17:31-18:01", 
            "DBSubnetGroup": {
                "Subnets": [
                    {
                        "SubnetStatus": "Active", 
                        "SubnetIdentifier": "subnet-0d4487ae38fa7bebc", 
                        "SubnetAvailabilityZone": {
                            "Name": "ap-southeast-2b"
                        }
                    }, 
                    {
                        "SubnetStatus": "Active", 
                        "SubnetIdentifier": "subnet-05060f58d3622ea95", 
                        "SubnetAvailabilityZone": {
                            "Name": "ap-southeast-2a"
                        }
                    }, 
                    {
                        "SubnetStatus": "Active", 
                        "SubnetIdentifier": "subnet-0cc8b76c40a8b90cb", 
                        "SubnetAvailabilityZone": {
                            "Name": "ap-southeast-2c"
                        }
                    }
                ], 
                "DBSubnetGroupName": "kbe-uat-rdsexchangepostgres-4bfw515gtton-databasesubnetgroup-1r0alu5nukkv2", 
                "VpcId": "vpc-0fcda2274f8b7b04f", 
                "DBSubnetGroupDescription": "Subnets for RDS Postgres DB", 
                "SubnetGroupStatus": "Complete"
            }, 
            "ReadReplicaDBInstanceIdentifiers": [], 
            "AllocatedStorage": 250, 
            "DBInstanceArn": "arn:aws:rds:ap-southeast-2:884998542479:db:keuat", 
            "BackupRetentionPeriod": 10, 
            "DBName": "keuat", 
            "PreferredMaintenanceWindow": "sun:12:33-sun:13:03", 
            "Endpoint": {
                "HostedZoneId": "Z32T0VRHXEXS0V", 
                "Port": 5432, 
                "Address": "keuat.ctjvfnzus5vh.ap-southeast-2.rds.amazonaws.com"
            }, 
            "DBInstanceStatus": "available", 
            "IAMDatabaseAuthenticationEnabled": false, 
            "EngineVersion": "9.6.11", 
            "DeletionProtection": false, 
            "AvailabilityZone": "ap-southeast-2a", 
            "DomainMemberships": [], 
            "StorageType": "gp2", 
            "DbiResourceId": "db-HZZ7VESLDBYSNOW5O7Y6RJT4YA", 
            "CACertificateIdentifier": "rds-ca-2019", 
            "KmsKeyId": "arn:aws:kms:ap-southeast-2:884998542479:key/76572845-1d46-473d-8c8f-f0a328d818fb", 
            "StorageEncrypted": true, 
            "AssociatedRoles": [], 
            "DBInstanceClass": "db.t3.medium", 
            "DbInstancePort": 0, 
            "DBInstanceIdentifier": "keuat"
        }
    ]
}
