{
    "DBInstances": [
        {
            "PubliclyAccessible": true, 
            "MasterUsername": "postgres", 
            "MonitoringInterval": 60, 
            "LicenseModel": "postgresql-license", 
            "MonitoringRoleArn": "arn:aws:iam::884998542479:role/rds-monitoring-role", 
            "VpcSecurityGroups": [
                {
                    "Status": "active", 
                    "VpcSecurityGroupId": "sg-0e082a3389f530e18"
                }
            ], 
            "InstanceCreateTime": "2019-03-11T01:06:15.766Z", 
            "CopyTagsToSnapshot": false, 
            "OptionGroupMemberships": [
                {
                    "Status": "in-sync", 
                    "OptionGroupName": "default:aurora-postgresql-9-6"
                }
            ], 
            "PendingModifiedValues": {}, 
            "Engine": "aurora-postgresql", 
            "MultiAZ": false, 
            "DBSecurityGroups": [], 
            "DBParameterGroups": [
                {
                    "DBParameterGroupName": "default.aurora-postgresql9.6", 
                    "ParameterApplyStatus": "in-sync"
                }
            ], 
            "PerformanceInsightsEnabled": true, 
            "PerformanceInsightsRetentionPeriod": 7, 
            "AutoMinorVersionUpgrade": true, 
            "PreferredBackupWindow": "14:38-15:08", 
            "PromotionTier": 1, 
            "DBSubnetGroup": {
                "Subnets": [
                    {
                        "SubnetStatus": "Active", 
                        "SubnetIdentifier": "subnet-0f9f712e2e9824699", 
                        "SubnetAvailabilityZone": {
                            "Name": "ap-southeast-1a"
                        }
                    }, 
                    {
                        "SubnetStatus": "Active", 
                        "SubnetIdentifier": "subnet-06f327648a4113923", 
                        "SubnetAvailabilityZone": {
                            "Name": "ap-southeast-1c"
                        }
                    }, 
                    {
                        "SubnetStatus": "Active", 
                        "SubnetIdentifier": "subnet-09057aedf1e2a5127", 
                        "SubnetAvailabilityZone": {
                            "Name": "ap-southeast-1b"
                        }
                    }
                ], 
                "DBSubnetGroupName": "default-vpc-091345a93c5e9acf9", 
                "VpcId": "vpc-091345a93c5e9acf9", 
                "DBSubnetGroupDescription": "Created from the RDS Management Console", 
                "SubnetGroupStatus": "Complete"
            }, 
            "ReadReplicaDBInstanceIdentifiers": [], 
            "AllocatedStorage": 1, 
            "DBInstanceArn": "arn:aws:rds:ap-southeast-1:884998542479:db:kag-mainnet-asia-ap-southeast-1a", 
            "BackupRetentionPeriod": 7, 
            "DBName": "KAGMainnetAsia", 
            "PreferredMaintenanceWindow": "tue:18:18-tue:18:48", 
            "Endpoint": {
                "HostedZoneId": "Z2G0U3KFCY8NZ5", 
                "Port": 5432, 
                "Address": "kag-mainnet-asia-ap-southeast-1a.c66sbccaprz3.ap-southeast-1.rds.amazonaws.com"
            }, 
            "DBInstanceStatus": "available", 
            "PerformanceInsightsKMSKeyId": "arn:aws:kms:ap-southeast-1:884998542479:key/0b6d2b78-a1a3-45da-8267-eacfe9d37e65", 
            "IAMDatabaseAuthenticationEnabled": false, 
            "EngineVersion": "9.6.12", 
            "EnhancedMonitoringResourceArn": "arn:aws:logs:ap-southeast-1:884998542479:log-group:RDSOSMetrics:log-stream:db-X7JN7IXAIVBRBFGZALPL7QFYL4", 
            "DeletionProtection": false, 
            "AvailabilityZone": "ap-southeast-1a", 
            "DomainMemberships": [], 
            "DBClusterIdentifier": "kag-mainnet-asia", 
            "StorageType": "aurora", 
            "DbiResourceId": "db-X7JN7IXAIVBRBFGZALPL7QFYL4", 
            "CACertificateIdentifier": "rds-ca-2019", 
            "KmsKeyId": "arn:aws:kms:ap-southeast-1:884998542479:key/0b6d2b78-a1a3-45da-8267-eacfe9d37e65", 
            "StorageEncrypted": true, 
            "AssociatedRoles": [], 
            "DBInstanceClass": "db.r4.large", 
            "DbInstancePort": 0, 
            "DBInstanceIdentifier": "kag-mainnet-asia-ap-southeast-1a"
        }, 
        {
            "PubliclyAccessible": true, 
            "MasterUsername": "postgres", 
            "MonitoringInterval": 60, 
            "LicenseModel": "postgresql-license", 
            "MonitoringRoleArn": "arn:aws:iam::884998542479:role/rds-monitoring-role", 
            "VpcSecurityGroups": [
                {
                    "Status": "active", 
                    "VpcSecurityGroupId": "sg-0e082a3389f530e18"
                }
            ], 
            "InstanceCreateTime": "2019-03-11T01:01:19.612Z", 
            "CopyTagsToSnapshot": false, 
            "OptionGroupMemberships": [
                {
                    "Status": "in-sync", 
                    "OptionGroupName": "default:aurora-postgresql-9-6"
                }
            ], 
            "PendingModifiedValues": {}, 
            "Engine": "aurora-postgresql", 
            "MultiAZ": false, 
            "DBSecurityGroups": [], 
            "DBParameterGroups": [
                {
                    "DBParameterGroupName": "default.aurora-postgresql9.6", 
                    "ParameterApplyStatus": "in-sync"
                }
            ], 
            "PerformanceInsightsEnabled": true, 
            "PerformanceInsightsRetentionPeriod": 7, 
            "AutoMinorVersionUpgrade": true, 
            "PreferredBackupWindow": "14:38-15:08", 
            "PromotionTier": 1, 
            "DBSubnetGroup": {
                "Subnets": [
                    {
                        "SubnetStatus": "Active", 
                        "SubnetIdentifier": "subnet-0f9f712e2e9824699", 
                        "SubnetAvailabilityZone": {
                            "Name": "ap-southeast-1a"
                        }
                    }, 
                    {
                        "SubnetStatus": "Active", 
                        "SubnetIdentifier": "subnet-06f327648a4113923", 
                        "SubnetAvailabilityZone": {
                            "Name": "ap-southeast-1c"
                        }
                    }, 
                    {
                        "SubnetStatus": "Active", 
                        "SubnetIdentifier": "subnet-09057aedf1e2a5127", 
                        "SubnetAvailabilityZone": {
                            "Name": "ap-southeast-1b"
                        }
                    }
                ], 
                "DBSubnetGroupName": "default-vpc-091345a93c5e9acf9", 
                "VpcId": "vpc-091345a93c5e9acf9", 
                "DBSubnetGroupDescription": "Created from the RDS Management Console", 
                "SubnetGroupStatus": "Complete"
            }, 
            "ReadReplicaDBInstanceIdentifiers": [], 
            "AllocatedStorage": 1, 
            "DBInstanceArn": "arn:aws:rds:ap-southeast-1:884998542479:db:kag-mainnet-asia-ap-southeast-1b", 
            "BackupRetentionPeriod": 7, 
            "DBName": "KAGMainnetAsia", 
            "PreferredMaintenanceWindow": "fri:16:52-fri:17:22", 
            "Endpoint": {
                "HostedZoneId": "Z2G0U3KFCY8NZ5", 
                "Port": 5432, 
                "Address": "kag-mainnet-asia-ap-southeast-1b.c66sbccaprz3.ap-southeast-1.rds.amazonaws.com"
            }, 
            "DBInstanceStatus": "available", 
            "PerformanceInsightsKMSKeyId": "arn:aws:kms:ap-southeast-1:884998542479:key/0b6d2b78-a1a3-45da-8267-eacfe9d37e65", 
            "IAMDatabaseAuthenticationEnabled": false, 
            "EngineVersion": "9.6.12", 
            "EnhancedMonitoringResourceArn": "arn:aws:logs:ap-southeast-1:884998542479:log-group:RDSOSMetrics:log-stream:db-L57ZHHQWWC4MEV3SHU3KOELRGM", 
            "DeletionProtection": false, 
            "AvailabilityZone": "ap-southeast-1b", 
            "DomainMemberships": [], 
            "DBClusterIdentifier": "kag-mainnet-asia", 
            "StorageType": "aurora", 
            "DbiResourceId": "db-L57ZHHQWWC4MEV3SHU3KOELRGM", 
            "CACertificateIdentifier": "rds-ca-2019", 
            "KmsKeyId": "arn:aws:kms:ap-southeast-1:884998542479:key/0b6d2b78-a1a3-45da-8267-eacfe9d37e65", 
            "StorageEncrypted": true, 
            "AssociatedRoles": [], 
            "DBInstanceClass": "db.r4.large", 
            "DbInstancePort": 0, 
            "DBInstanceIdentifier": "kag-mainnet-asia-ap-southeast-1b"
        }, 
        {
            "PubliclyAccessible": true, 
            "MasterUsername": "postgres", 
            "MonitoringInterval": 0, 
            "LicenseModel": "postgresql-license", 
            "VpcSecurityGroups": [
                {
                    "Status": "active", 
                    "VpcSecurityGroupId": "sg-0e082a3389f530e18"
                }
            ], 
            "InstanceCreateTime": "2019-03-11T01:10:15.135Z", 
            "CopyTagsToSnapshot": false, 
            "OptionGroupMemberships": [
                {
                    "Status": "in-sync", 
                    "OptionGroupName": "default:aurora-postgresql-9-6"
                }
            ], 
            "PendingModifiedValues": {}, 
            "Engine": "aurora-postgresql", 
            "MultiAZ": false, 
            "DBSecurityGroups": [], 
            "DBParameterGroups": [
                {
                    "DBParameterGroupName": "default.aurora-postgresql9.6", 
                    "ParameterApplyStatus": "in-sync"
                }
            ], 
            "PerformanceInsightsEnabled": true, 
            "AutoMinorVersionUpgrade": true, 
            "PreferredBackupWindow": "14:38-15:08", 
            "PromotionTier": 1, 
            "DBSubnetGroup": {
                "Subnets": [
                    {
                        "SubnetStatus": "Active", 
                        "SubnetIdentifier": "subnet-0f9f712e2e9824699", 
                        "SubnetAvailabilityZone": {
                            "Name": "ap-southeast-1a"
                        }
                    }, 
                    {
                        "SubnetStatus": "Active", 
                        "SubnetIdentifier": "subnet-06f327648a4113923", 
                        "SubnetAvailabilityZone": {
                            "Name": "ap-southeast-1c"
                        }
                    }, 
                    {
                        "SubnetStatus": "Active", 
                        "SubnetIdentifier": "subnet-09057aedf1e2a5127", 
                        "SubnetAvailabilityZone": {
                            "Name": "ap-southeast-1b"
                        }
                    }
                ], 
                "DBSubnetGroupName": "default-vpc-091345a93c5e9acf9", 
                "VpcId": "vpc-091345a93c5e9acf9", 
                "DBSubnetGroupDescription": "Created from the RDS Management Console", 
                "SubnetGroupStatus": "Complete"
            }, 
            "ReadReplicaDBInstanceIdentifiers": [], 
            "AllocatedStorage": 1, 
            "DBInstanceArn": "arn:aws:rds:ap-southeast-1:884998542479:db:kag-mainnet-asia-ap-southeast-1c", 
            "BackupRetentionPeriod": 7, 
            "DBName": "KAGMainnetAsia", 
            "PreferredMaintenanceWindow": "fri:16:52-fri:17:22", 
            "Endpoint": {
                "HostedZoneId": "Z2G0U3KFCY8NZ5", 
                "Port": 5432, 
                "Address": "kag-mainnet-asia-ap-southeast-1c.c66sbccaprz3.ap-southeast-1.rds.amazonaws.com"
            }, 
            "DBInstanceStatus": "available", 
            "PerformanceInsightsKMSKeyId": "arn:aws:kms:ap-southeast-1:884998542479:key/0b6d2b78-a1a3-45da-8267-eacfe9d37e65", 
            "IAMDatabaseAuthenticationEnabled": false, 
            "EngineVersion": "9.6.12", 
            "DeletionProtection": false, 
            "AvailabilityZone": "ap-southeast-1c", 
            "DomainMemberships": [], 
            "DBClusterIdentifier": "kag-mainnet-asia", 
            "StorageType": "aurora", 
            "DbiResourceId": "db-AEB4RTEGT5TORV3C23QO6YOO5I", 
            "CACertificateIdentifier": "rds-ca-2019", 
            "KmsKeyId": "arn:aws:kms:ap-southeast-1:884998542479:key/0b6d2b78-a1a3-45da-8267-eacfe9d37e65", 
            "StorageEncrypted": true, 
            "AssociatedRoles": [], 
            "DBInstanceClass": "db.r4.large", 
            "DbInstancePort": 0, 
            "DBInstanceIdentifier": "kag-mainnet-asia-ap-southeast-1c"
        }, 
        {
            "PubliclyAccessible": true, 
            "MasterUsername": "postgres", 
            "MonitoringInterval": 0, 
            "LicenseModel": "postgresql-license", 
            "VpcSecurityGroups": [
                {
                    "Status": "active", 
                    "VpcSecurityGroupId": "sg-07894eed47cf0f8c5"
                }
            ], 
            "InstanceCreateTime": "2019-03-27T12:28:22.339Z", 
            "CopyTagsToSnapshot": true, 
            "OptionGroupMemberships": [
                {
                    "Status": "in-sync", 
                    "OptionGroupName": "default:postgres-9-6"
                }
            ], 
            "PendingModifiedValues": {}, 
            "Engine": "postgres", 
            "MultiAZ": false, 
            "LatestRestorableTime": "2020-02-06T13:18:58Z", 
            "DBSecurityGroups": [], 
            "DBParameterGroups": [
                {
                    "DBParameterGroupName": "default.postgres9.6", 
                    "ParameterApplyStatus": "in-sync"
                }
            ], 
            "PerformanceInsightsEnabled": false, 
            "AutoMinorVersionUpgrade": true, 
            "PreferredBackupWindow": "21:26-21:56", 
            "DBSubnetGroup": {
                "Subnets": [
                    {
                        "SubnetStatus": "Active", 
                        "SubnetIdentifier": "subnet-00195368fd1eef99e", 
                        "SubnetAvailabilityZone": {
                            "Name": "ap-southeast-1a"
                        }
                    }, 
                    {
                        "SubnetStatus": "Active", 
                        "SubnetIdentifier": "subnet-055836370ea4fb0fd", 
                        "SubnetAvailabilityZone": {
                            "Name": "ap-southeast-1c"
                        }
                    }, 
                    {
                        "SubnetStatus": "Active", 
                        "SubnetIdentifier": "subnet-0f4671fc28d98e1dc", 
                        "SubnetAvailabilityZone": {
                            "Name": "ap-southeast-1b"
                        }
                    }
                ], 
                "DBSubnetGroupName": "default-vpc-0d9a9b44d554ce153", 
                "VpcId": "vpc-0d9a9b44d554ce153", 
                "DBSubnetGroupDescription": "Created from the RDS Management Console", 
                "SubnetGroupStatus": "Complete"
            }, 
            "ReadReplicaDBInstanceIdentifiers": [], 
            "AllocatedStorage": 20, 
            "DBInstanceArn": "arn:aws:rds:ap-southeast-1:884998542479:db:kag-testnet-asia", 
            "BackupRetentionPeriod": 7, 
            "PreferredMaintenanceWindow": "fri:18:08-fri:18:38", 
            "Endpoint": {
                "HostedZoneId": "Z2G0U3KFCY8NZ5", 
                "Port": 5432, 
                "Address": "kag-testnet-asia.c66sbccaprz3.ap-southeast-1.rds.amazonaws.com"
            }, 
            "DBInstanceStatus": "available", 
            "IAMDatabaseAuthenticationEnabled": false, 
            "EngineVersion": "9.6.11", 
            "DeletionProtection": false, 
            "AvailabilityZone": "ap-southeast-1b", 
            "DomainMemberships": [], 
            "StorageType": "gp2", 
            "DbiResourceId": "db-OKSLZUBT5VBBWHUISRXNEUE7M4", 
            "CACertificateIdentifier": "rds-ca-2019", 
            "StorageEncrypted": false, 
            "AssociatedRoles": [], 
            "DBInstanceClass": "db.t2.small", 
            "DbInstancePort": 0, 
            "DBInstanceIdentifier": "kag-testnet-asia"
        }, 
        {
            "PubliclyAccessible": true, 
            "MasterUsername": "postgres", 
            "MonitoringInterval": 60, 
            "LicenseModel": "postgresql-license", 
            "MonitoringRoleArn": "arn:aws:iam::884998542479:role/rds-monitoring-role", 
            "VpcSecurityGroups": [
                {
                    "Status": "active", 
                    "VpcSecurityGroupId": "sg-0c23671fc5ec43e30"
                }
            ], 
            "InstanceCreateTime": "2019-03-10T23:34:06.134Z", 
            "CopyTagsToSnapshot": false, 
            "OptionGroupMemberships": [
                {
                    "Status": "in-sync", 
                    "OptionGroupName": "default:aurora-postgresql-9-6"
                }
            ], 
            "PendingModifiedValues": {}, 
            "Engine": "aurora-postgresql", 
            "MultiAZ": false, 
            "DBSecurityGroups": [], 
            "DBParameterGroups": [
                {
                    "DBParameterGroupName": "default.aurora-postgresql9.6", 
                    "ParameterApplyStatus": "in-sync"
                }
            ], 
            "PerformanceInsightsEnabled": true, 
            "PerformanceInsightsRetentionPeriod": 7, 
            "AutoMinorVersionUpgrade": true, 
            "PreferredBackupWindow": "20:34-21:04", 
            "PromotionTier": 1, 
            "DBSubnetGroup": {
                "Subnets": [
                    {
                        "SubnetStatus": "Active", 
                        "SubnetIdentifier": "subnet-039122f8829a941be", 
                        "SubnetAvailabilityZone": {
                            "Name": "ap-southeast-1c"
                        }
                    }, 
                    {
                        "SubnetStatus": "Active", 
                        "SubnetIdentifier": "subnet-0f493d00846c290dc", 
                        "SubnetAvailabilityZone": {
                            "Name": "ap-southeast-1b"
                        }
                    }, 
                    {
                        "SubnetStatus": "Active", 
                        "SubnetIdentifier": "subnet-0ebb96d5c2f37f9f3", 
                        "SubnetAvailabilityZone": {
                            "Name": "ap-southeast-1a"
                        }
                    }
                ], 
                "DBSubnetGroupName": "default-vpc-039d47b85b7089a5a", 
                "VpcId": "vpc-039d47b85b7089a5a", 
                "DBSubnetGroupDescription": "Created from the RDS Management Console", 
                "SubnetGroupStatus": "Complete"
            }, 
            "ReadReplicaDBInstanceIdentifiers": [], 
            "AllocatedStorage": 1, 
            "DBInstanceArn": "arn:aws:rds:ap-southeast-1:884998542479:db:kau-mainnet-asia-ap-southeast-1a", 
            "BackupRetentionPeriod": 7, 
            "PreferredMaintenanceWindow": "sun:14:40-sun:15:10", 
            "Endpoint": {
                "HostedZoneId": "Z2G0U3KFCY8NZ5", 
                "Port": 5432, 
                "Address": "kau-mainnet-asia-ap-southeast-1a.c66sbccaprz3.ap-southeast-1.rds.amazonaws.com"
            }, 
            "DBInstanceStatus": "available", 
            "PerformanceInsightsKMSKeyId": "arn:aws:kms:ap-southeast-1:884998542479:key/0b6d2b78-a1a3-45da-8267-eacfe9d37e65", 
            "IAMDatabaseAuthenticationEnabled": false, 
            "EngineVersion": "9.6.12", 
            "EnhancedMonitoringResourceArn": "arn:aws:logs:ap-southeast-1:884998542479:log-group:RDSOSMetrics:log-stream:db-VSQSQJQMVYG3YN7GCG34C4HCSQ", 
            "DeletionProtection": false, 
            "AvailabilityZone": "ap-southeast-1a", 
            "DomainMemberships": [], 
            "DBClusterIdentifier": "kau-mainnet-asia", 
            "StorageType": "aurora", 
            "DbiResourceId": "db-VSQSQJQMVYG3YN7GCG34C4HCSQ", 
            "CACertificateIdentifier": "rds-ca-2019", 
            "KmsKeyId": "arn:aws:kms:ap-southeast-1:884998542479:key/0b6d2b78-a1a3-45da-8267-eacfe9d37e65", 
            "StorageEncrypted": true, 
            "AssociatedRoles": [], 
            "DBInstanceClass": "db.r4.large", 
            "DbInstancePort": 0, 
            "DBInstanceIdentifier": "kau-mainnet-asia-ap-southeast-1a"
        }, 
        {
            "PubliclyAccessible": true, 
            "MasterUsername": "postgres", 
            "MonitoringInterval": 60, 
            "LicenseModel": "postgresql-license", 
            "MonitoringRoleArn": "arn:aws:iam::884998542479:role/rds-monitoring-role", 
            "VpcSecurityGroups": [
                {
                    "Status": "active", 
                    "VpcSecurityGroupId": "sg-0c23671fc5ec43e30"
                }
            ], 
            "InstanceCreateTime": "2019-03-10T23:29:22.935Z", 
            "CopyTagsToSnapshot": false, 
            "OptionGroupMemberships": [
                {
                    "Status": "in-sync", 
                    "OptionGroupName": "default:aurora-postgresql-9-6"
                }
            ], 
            "PendingModifiedValues": {}, 
            "Engine": "aurora-postgresql", 
            "MultiAZ": false, 
            "DBSecurityGroups": [], 
            "DBParameterGroups": [
                {
                    "DBParameterGroupName": "default.aurora-postgresql9.6", 
                    "ParameterApplyStatus": "in-sync"
                }
            ], 
            "PerformanceInsightsEnabled": true, 
            "PerformanceInsightsRetentionPeriod": 7, 
            "AutoMinorVersionUpgrade": true, 
            "PreferredBackupWindow": "20:34-21:04", 
            "PromotionTier": 1, 
            "DBSubnetGroup": {
                "Subnets": [
                    {
                        "SubnetStatus": "Active", 
                        "SubnetIdentifier": "subnet-039122f8829a941be", 
                        "SubnetAvailabilityZone": {
                            "Name": "ap-southeast-1c"
                        }
                    }, 
                    {
                        "SubnetStatus": "Active", 
                        "SubnetIdentifier": "subnet-0f493d00846c290dc", 
                        "SubnetAvailabilityZone": {
                            "Name": "ap-southeast-1b"
                        }
                    }, 
                    {
                        "SubnetStatus": "Active", 
                        "SubnetIdentifier": "subnet-0ebb96d5c2f37f9f3", 
                        "SubnetAvailabilityZone": {
                            "Name": "ap-southeast-1a"
                        }
                    }
                ], 
                "DBSubnetGroupName": "default-vpc-039d47b85b7089a5a", 
                "VpcId": "vpc-039d47b85b7089a5a", 
                "DBSubnetGroupDescription": "Created from the RDS Management Console", 
                "SubnetGroupStatus": "Complete"
            }, 
            "ReadReplicaDBInstanceIdentifiers": [], 
            "AllocatedStorage": 1, 
            "DBInstanceArn": "arn:aws:rds:ap-southeast-1:884998542479:db:kau-mainnet-asia-ap-southeast-1b", 
            "BackupRetentionPeriod": 7, 
            "PreferredMaintenanceWindow": "tue:18:51-tue:19:21", 
            "Endpoint": {
                "HostedZoneId": "Z2G0U3KFCY8NZ5", 
                "Port": 5432, 
                "Address": "kau-mainnet-asia-ap-southeast-1b.c66sbccaprz3.ap-southeast-1.rds.amazonaws.com"
            }, 
            "DBInstanceStatus": "available", 
            "PerformanceInsightsKMSKeyId": "arn:aws:kms:ap-southeast-1:884998542479:key/0b6d2b78-a1a3-45da-8267-eacfe9d37e65", 
            "IAMDatabaseAuthenticationEnabled": false, 
            "EngineVersion": "9.6.12", 
            "EnhancedMonitoringResourceArn": "arn:aws:logs:ap-southeast-1:884998542479:log-group:RDSOSMetrics:log-stream:db-Z55FFRDWNLWICD2TNWQ2L2SPZA", 
            "DeletionProtection": false, 
            "AvailabilityZone": "ap-southeast-1b", 
            "DomainMemberships": [], 
            "DBClusterIdentifier": "kau-mainnet-asia", 
            "StorageType": "aurora", 
            "DbiResourceId": "db-Z55FFRDWNLWICD2TNWQ2L2SPZA", 
            "CACertificateIdentifier": "rds-ca-2019", 
            "KmsKeyId": "arn:aws:kms:ap-southeast-1:884998542479:key/0b6d2b78-a1a3-45da-8267-eacfe9d37e65", 
            "StorageEncrypted": true, 
            "AssociatedRoles": [], 
            "DBInstanceClass": "db.r4.large", 
            "DbInstancePort": 0, 
            "DBInstanceIdentifier": "kau-mainnet-asia-ap-southeast-1b"
        }, 
        {
            "PubliclyAccessible": true, 
            "MasterUsername": "postgres", 
            "MonitoringInterval": 0, 
            "LicenseModel": "postgresql-license", 
            "VpcSecurityGroups": [
                {
                    "Status": "active", 
                    "VpcSecurityGroupId": "sg-0c23671fc5ec43e30"
                }
            ], 
            "InstanceCreateTime": "2019-03-10T23:56:00.953Z", 
            "CopyTagsToSnapshot": false, 
            "OptionGroupMemberships": [
                {
                    "Status": "in-sync", 
                    "OptionGroupName": "default:aurora-postgresql-9-6"
                }
            ], 
            "PendingModifiedValues": {}, 
            "Engine": "aurora-postgresql", 
            "MultiAZ": false, 
            "DBSecurityGroups": [], 
            "DBParameterGroups": [
                {
                    "DBParameterGroupName": "default.aurora-postgresql9.6", 
                    "ParameterApplyStatus": "in-sync"
                }
            ], 
            "PerformanceInsightsEnabled": true, 
            "AutoMinorVersionUpgrade": true, 
            "PreferredBackupWindow": "20:34-21:04", 
            "PromotionTier": 1, 
            "DBSubnetGroup": {
                "Subnets": [
                    {
                        "SubnetStatus": "Active", 
                        "SubnetIdentifier": "subnet-039122f8829a941be", 
                        "SubnetAvailabilityZone": {
                            "Name": "ap-southeast-1c"
                        }
                    }, 
                    {
                        "SubnetStatus": "Active", 
                        "SubnetIdentifier": "subnet-0f493d00846c290dc", 
                        "SubnetAvailabilityZone": {
                            "Name": "ap-southeast-1b"
                        }
                    }, 
                    {
                        "SubnetStatus": "Active", 
                        "SubnetIdentifier": "subnet-0ebb96d5c2f37f9f3", 
                        "SubnetAvailabilityZone": {
                            "Name": "ap-southeast-1a"
                        }
                    }
                ], 
                "DBSubnetGroupName": "default-vpc-039d47b85b7089a5a", 
                "VpcId": "vpc-039d47b85b7089a5a", 
                "DBSubnetGroupDescription": "Created from the RDS Management Console", 
                "SubnetGroupStatus": "Complete"
            }, 
            "ReadReplicaDBInstanceIdentifiers": [], 
            "AllocatedStorage": 1, 
            "DBInstanceArn": "arn:aws:rds:ap-southeast-1:884998542479:db:kau-mainnet-asia-ap-southeast-1c", 
            "BackupRetentionPeriod": 7, 
            "PreferredMaintenanceWindow": "tue:18:51-tue:19:21", 
            "Endpoint": {
                "HostedZoneId": "Z2G0U3KFCY8NZ5", 
                "Port": 5432, 
                "Address": "kau-mainnet-asia-ap-southeast-1c.c66sbccaprz3.ap-southeast-1.rds.amazonaws.com"
            }, 
            "DBInstanceStatus": "available", 
            "PerformanceInsightsKMSKeyId": "arn:aws:kms:ap-southeast-1:884998542479:key/0b6d2b78-a1a3-45da-8267-eacfe9d37e65", 
            "IAMDatabaseAuthenticationEnabled": false, 
            "EngineVersion": "9.6.12", 
            "DeletionProtection": false, 
            "AvailabilityZone": "ap-southeast-1c", 
            "DomainMemberships": [], 
            "DBClusterIdentifier": "kau-mainnet-asia", 
            "StorageType": "aurora", 
            "DbiResourceId": "db-6HXXDKEHGGCTPDLJMBO2TDYR6M", 
            "CACertificateIdentifier": "rds-ca-2019", 
            "KmsKeyId": "arn:aws:kms:ap-southeast-1:884998542479:key/0b6d2b78-a1a3-45da-8267-eacfe9d37e65", 
            "StorageEncrypted": true, 
            "AssociatedRoles": [], 
            "DBInstanceClass": "db.r4.large", 
            "DbInstancePort": 0, 
            "DBInstanceIdentifier": "kau-mainnet-asia-ap-southeast-1c"
        }, 
        {
            "PubliclyAccessible": true, 
            "MasterUsername": "postgres", 
            "MonitoringInterval": 0, 
            "LicenseModel": "postgresql-license", 
            "VpcSecurityGroups": [
                {
                    "Status": "active", 
                    "VpcSecurityGroupId": "sg-043af673c120d96e1"
                }
            ], 
            "InstanceCreateTime": "2019-03-28T04:13:07.038Z", 
            "CopyTagsToSnapshot": true, 
            "OptionGroupMemberships": [
                {
                    "Status": "in-sync", 
                    "OptionGroupName": "default:postgres-9-6"
                }
            ], 
            "PendingModifiedValues": {}, 
            "Engine": "postgres", 
            "MultiAZ": false, 
            "LatestRestorableTime": "2020-02-06T13:18:37Z", 
            "DBSecurityGroups": [], 
            "DBParameterGroups": [
                {
                    "DBParameterGroupName": "default.postgres9.6", 
                    "ParameterApplyStatus": "in-sync"
                }
            ], 
            "PerformanceInsightsEnabled": false, 
            "AutoMinorVersionUpgrade": true, 
            "PreferredBackupWindow": "15:51-16:21", 
            "DBSubnetGroup": {
                "Subnets": [
                    {
                        "SubnetStatus": "Active", 
                        "SubnetIdentifier": "subnet-05c5f69d848297e09", 
                        "SubnetAvailabilityZone": {
                            "Name": "ap-southeast-1a"
                        }
                    }, 
                    {
                        "SubnetStatus": "Active", 
                        "SubnetIdentifier": "subnet-05ec8414bee97083b", 
                        "SubnetAvailabilityZone": {
                            "Name": "ap-southeast-1b"
                        }
                    }, 
                    {
                        "SubnetStatus": "Active", 
                        "SubnetIdentifier": "subnet-07f5fc61c146cbf89", 
                        "SubnetAvailabilityZone": {
                            "Name": "ap-southeast-1c"
                        }
                    }
                ], 
                "DBSubnetGroupName": "default-vpc-0ab76e4793d656bfe", 
                "VpcId": "vpc-0ab76e4793d656bfe", 
                "DBSubnetGroupDescription": "Created from the RDS Management Console", 
                "SubnetGroupStatus": "Complete"
            }, 
            "ReadReplicaDBInstanceIdentifiers": [], 
            "AllocatedStorage": 20, 
            "DBInstanceArn": "arn:aws:rds:ap-southeast-1:884998542479:db:kau-testnet-asia", 
            "BackupRetentionPeriod": 7, 
            "DBName": "KAUTestnetAsia", 
            "PreferredMaintenanceWindow": "mon:15:11-mon:15:41", 
            "Endpoint": {
                "HostedZoneId": "Z2G0U3KFCY8NZ5", 
                "Port": 5432, 
                "Address": "kau-testnet-asia.c66sbccaprz3.ap-southeast-1.rds.amazonaws.com"
            }, 
            "DBInstanceStatus": "available", 
            "IAMDatabaseAuthenticationEnabled": false, 
            "EngineVersion": "9.6.11", 
            "DeletionProtection": false, 
            "AvailabilityZone": "ap-southeast-1b", 
            "DomainMemberships": [], 
            "StorageType": "gp2", 
            "DbiResourceId": "db-SOZYSEOEUNMEYGHPIGBUZ6U4DU", 
            "CACertificateIdentifier": "rds-ca-2019", 
            "StorageEncrypted": false, 
            "AssociatedRoles": [], 
            "DBInstanceClass": "db.t2.small", 
            "DbInstancePort": 0, 
            "DBInstanceIdentifier": "kau-testnet-asia"
        }
    ]
}
