{
    "DBInstances": [
        {
            "PubliclyAccessible": false, 
            "MasterUsername": "postgres", 
            "MonitoringInterval": 0, 
            "LicenseModel": "postgresql-license", 
            "VpcSecurityGroups": [
                {
                    "Status": "active", 
                    "VpcSecurityGroupId": "sg-0e1afd5d6e7f33544"
                }
            ], 
            "InstanceCreateTime": "2019-12-11T20:29:54.642Z", 
            "CopyTagsToSnapshot": true, 
            "OptionGroupMemberships": [
                {
                    "Status": "in-sync", 
                    "OptionGroupName": "default:postgres-9-6"
                }
            ], 
            "PendingModifiedValues": {}, 
            "Engine": "postgres", 
            "MultiAZ": false, 
            "LatestRestorableTime": "2020-02-06T13:17:59Z", 
            "DBSecurityGroups": [], 
            "DBParameterGroups": [
                {
                    "DBParameterGroupName": "kbe-stg-rdsdebitcardpostgres-1ccfpb1fyrr5c-databaseparametergroup-n39c5fu35j37", 
                    "ParameterApplyStatus": "in-sync"
                }
            ], 
            "PerformanceInsightsEnabled": false, 
            "AutoMinorVersionUpgrade": true, 
            "PreferredBackupWindow": "00:14-00:44", 
            "DBSubnetGroup": {
                "Subnets": [
                    {
                        "SubnetStatus": "Active", 
                        "SubnetIdentifier": "subnet-008870c320d349581", 
                        "SubnetAvailabilityZone": {
                            "Name": "eu-west-2b"
                        }
                    }, 
                    {
                        "SubnetStatus": "Active", 
                        "SubnetIdentifier": "subnet-0d6e17c63d14bde33", 
                        "SubnetAvailabilityZone": {
                            "Name": "eu-west-2a"
                        }
                    }, 
                    {
                        "SubnetStatus": "Active", 
                        "SubnetIdentifier": "subnet-01939bb01f09ca27b", 
                        "SubnetAvailabilityZone": {
                            "Name": "eu-west-2c"
                        }
                    }
                ], 
                "DBSubnetGroupName": "kbe-stg-rdsdebitcardpostgres-1ccfpb1fyrr5c-databasesubnetgroup-1oukn76nj1ndx", 
                "VpcId": "vpc-0fe91503c7081c799", 
                "DBSubnetGroupDescription": "Subnets for RDS Postgres DB", 
                "SubnetGroupStatus": "Complete"
            }, 
            "ReadReplicaDBInstanceIdentifiers": [], 
            "AllocatedStorage": 250, 
            "DBInstanceArn": "arn:aws:rds:eu-west-2:884998542479:db:kedebitcardstg", 
            "BackupRetentionPeriod": 1, 
            "DBName": "kedebitcardstg", 
            "PreferredMaintenanceWindow": "wed:00:47-wed:01:17", 
            "Endpoint": {
                "HostedZoneId": "Z1TTGA775OQIYO", 
                "Port": 5432, 
                "Address": "kedebitcardstg.cbdbzgtvlxp9.eu-west-2.rds.amazonaws.com"
            }, 
            "DBInstanceStatus": "available", 
            "IAMDatabaseAuthenticationEnabled": false, 
            "EngineVersion": "9.6.11", 
            "DeletionProtection": false, 
            "AvailabilityZone": "eu-west-2a", 
            "DomainMemberships": [], 
            "StorageType": "gp2", 
            "DbiResourceId": "db-AMTICROTZM3NYBRVZ42LPHDV5E", 
            "CACertificateIdentifier": "rds-ca-2019", 
            "KmsKeyId": "arn:aws:kms:eu-west-2:884998542479:key/2f3f0cae-7ba5-4b20-8566-47c84803843f", 
            "StorageEncrypted": true, 
            "AssociatedRoles": [], 
            "DBInstanceClass": "db.t3.medium", 
            "DbInstancePort": 0, 
            "DBInstanceIdentifier": "kedebitcardstg"
        }, 
        {
            "PubliclyAccessible": false, 
            "MasterUsername": "postgres", 
            "MonitoringInterval": 0, 
            "LicenseModel": "postgresql-license", 
            "VpcSecurityGroups": [
                {
                    "Status": "active", 
                    "VpcSecurityGroupId": "sg-0e1afd5d6e7f33544"
                }
            ], 
            "InstanceCreateTime": "2019-12-11T20:29:51.966Z", 
            "CopyTagsToSnapshot": true, 
            "OptionGroupMemberships": [
                {
                    "Status": "in-sync", 
                    "OptionGroupName": "default:postgres-9-6"
                }
            ], 
            "PendingModifiedValues": {}, 
            "Engine": "postgres", 
            "MultiAZ": false, 
            "LatestRestorableTime": "2020-02-06T13:19:16Z", 
            "DBSecurityGroups": [], 
            "DBParameterGroups": [
                {
                    "DBParameterGroupName": "kbe-stg-rdsexchangepostgres-sfq3ys6h6fxz-databaseparametergroup-116acb3a408eq", 
                    "ParameterApplyStatus": "in-sync"
                }
            ], 
            "PerformanceInsightsEnabled": false, 
            "AutoMinorVersionUpgrade": true, 
            "PreferredBackupWindow": "00:47-01:17", 
            "DBSubnetGroup": {
                "Subnets": [
                    {
                        "SubnetStatus": "Active", 
                        "SubnetIdentifier": "subnet-008870c320d349581", 
                        "SubnetAvailabilityZone": {
                            "Name": "eu-west-2b"
                        }
                    }, 
                    {
                        "SubnetStatus": "Active", 
                        "SubnetIdentifier": "subnet-0d6e17c63d14bde33", 
                        "SubnetAvailabilityZone": {
                            "Name": "eu-west-2a"
                        }
                    }, 
                    {
                        "SubnetStatus": "Active", 
                        "SubnetIdentifier": "subnet-01939bb01f09ca27b", 
                        "SubnetAvailabilityZone": {
                            "Name": "eu-west-2c"
                        }
                    }
                ], 
                "DBSubnetGroupName": "kbe-stg-rdsexchangepostgres-sfq3ys6h6fxz-databasesubnetgroup-pwpegqq6jpqf", 
                "VpcId": "vpc-0fe91503c7081c799", 
                "DBSubnetGroupDescription": "Subnets for RDS Postgres DB", 
                "SubnetGroupStatus": "Complete"
            }, 
            "ReadReplicaDBInstanceIdentifiers": [], 
            "AllocatedStorage": 250, 
            "DBInstanceArn": "arn:aws:rds:eu-west-2:884998542479:db:kestg", 
            "BackupRetentionPeriod": 1, 
            "DBName": "kestg", 
            "PreferredMaintenanceWindow": "sat:22:43-sat:23:13", 
            "Endpoint": {
                "HostedZoneId": "Z1TTGA775OQIYO", 
                "Port": 5432, 
                "Address": "kestg.cbdbzgtvlxp9.eu-west-2.rds.amazonaws.com"
            }, 
            "DBInstanceStatus": "available", 
            "IAMDatabaseAuthenticationEnabled": false, 
            "EngineVersion": "9.6.11", 
            "DeletionProtection": false, 
            "AvailabilityZone": "eu-west-2b", 
            "DomainMemberships": [], 
            "StorageType": "gp2", 
            "DbiResourceId": "db-2MIBXZXKWHV23KIVZZLD3OQGTE", 
            "CACertificateIdentifier": "rds-ca-2019", 
            "KmsKeyId": "arn:aws:kms:eu-west-2:884998542479:key/2f3f0cae-7ba5-4b20-8566-47c84803843f", 
            "StorageEncrypted": true, 
            "AssociatedRoles": [], 
            "DBInstanceClass": "db.t3.medium", 
            "DbInstancePort": 0, 
            "DBInstanceIdentifier": "kestg"
        }
    ]
}
