{
    "DBInstances": [
        {
            "PubliclyAccessible": false, 
            "MasterUsername": "postgres", 
            "MonitoringInterval": 0, 
            "LicenseModel": "postgresql-license", 
            "VpcSecurityGroups": [
                {
                    "Status": "active", 
                    "VpcSecurityGroupId": "sg-08d8f377d5c5cee76"
                }
            ], 
            "InstanceCreateTime": "2019-11-09T12:14:43.595Z", 
            "CopyTagsToSnapshot": true, 
            "OptionGroupMemberships": [
                {
                    "Status": "in-sync", 
                    "OptionGroupName": "default:postgres-9-6"
                }
            ], 
            "PendingModifiedValues": {}, 
            "Engine": "postgres", 
            "MultiAZ": false, 
            "LatestRestorableTime": "2020-02-03T03:20:28Z", 
            "DBSecurityGroups": [], 
            "DBParameterGroups": [
                {
                    "DBParameterGroupName": "kbe-test-automation-rdsdebitcardpostgres-13kdpvv3brhvl-databaseparametergroup-2outj9kw6vo1", 
                    "ParameterApplyStatus": "in-sync"
                }
            ], 
            "PerformanceInsightsEnabled": false, 
            "AutoMinorVersionUpgrade": true, 
            "PreferredBackupWindow": "04:11-04:41", 
            "DBSubnetGroup": {
                "Subnets": [
                    {
                        "SubnetStatus": "Active", 
                        "SubnetIdentifier": "subnet-0227e33076483efba", 
                        "SubnetAvailabilityZone": {
                            "Name": "us-east-2b"
                        }
                    }, 
                    {
                        "SubnetStatus": "Active", 
                        "SubnetIdentifier": "subnet-091e7130795aea550", 
                        "SubnetAvailabilityZone": {
                            "Name": "us-east-2a"
                        }
                    }, 
                    {
                        "SubnetStatus": "Active", 
                        "SubnetIdentifier": "subnet-0ea4afe97243b48e3", 
                        "SubnetAvailabilityZone": {
                            "Name": "us-east-2c"
                        }
                    }
                ], 
                "DBSubnetGroupName": "kbe-test-automation-rdsdebitcardpostgres-13kdpvv3brhvl-databasesubnetgroup-1xw1d13q62i63", 
                "VpcId": "vpc-0175b4c3af5af9276", 
                "DBSubnetGroupDescription": "Subnets for RDS Postgres DB", 
                "SubnetGroupStatus": "Complete"
            }, 
            "ReadReplicaDBInstanceIdentifiers": [], 
            "AllocatedStorage": 100, 
            "DBInstanceArn": "arn:aws:rds:us-east-2:884998542479:db:kedebitcarde2e", 
            "BackupRetentionPeriod": 1, 
            "DBName": "kedebitcarde2e", 
            "PreferredMaintenanceWindow": "tue:10:19-tue:10:49", 
            "Endpoint": {
                "HostedZoneId": "Z2XHWR1WZ565X2", 
                "Port": 5432, 
                "Address": "kedebitcarde2e.cegoy30fldnu.us-east-2.rds.amazonaws.com"
            }, 
            "DBInstanceStatus": "available", 
            "IAMDatabaseAuthenticationEnabled": false, 
            "EngineVersion": "9.6.11", 
            "AvailabilityZone": "us-east-2b", 
            "DomainMemberships": [], 
            "StorageType": "gp2", 
            "DbiResourceId": "db-XV2HENJ24K5PS35TTCEQI2IN6M", 
            "CACertificateIdentifier": "rds-ca-2019", 
            "KmsKeyId": "arn:aws:kms:us-east-2:884998542479:key/87327add-2665-4caa-865c-b0b1141479fc", 
            "StorageEncrypted": true, 
            "DBInstanceClass": "db.t3.small", 
            "DbInstancePort": 0, 
            "DBInstanceIdentifier": "kedebitcarde2e"
        }, 
        {
            "PubliclyAccessible": false, 
            "MasterUsername": "postgres", 
            "MonitoringInterval": 0, 
            "LicenseModel": "postgresql-license", 
            "VpcSecurityGroups": [
                {
                    "Status": "active", 
                    "VpcSecurityGroupId": "sg-08d8f377d5c5cee76"
                }
            ], 
            "InstanceCreateTime": "2019-11-09T12:14:44.940Z", 
            "CopyTagsToSnapshot": true, 
            "OptionGroupMemberships": [
                {
                    "Status": "in-sync", 
                    "OptionGroupName": "default:postgres-9-6"
                }
            ], 
            "PendingModifiedValues": {}, 
            "Engine": "postgres", 
            "MultiAZ": false, 
            "LatestRestorableTime": "2020-02-03T03:23:39Z", 
            "DBSecurityGroups": [], 
            "DBParameterGroups": [
                {
                    "DBParameterGroupName": "kbe-test-automation-rdsexchangepostgres-7p0tykxko9n4-databaseparametergroup-d7q9z3rj4t2", 
                    "ParameterApplyStatus": "in-sync"
                }
            ], 
            "PerformanceInsightsEnabled": false, 
            "AutoMinorVersionUpgrade": true, 
            "PreferredBackupWindow": "05:53-06:23", 
            "DBSubnetGroup": {
                "Subnets": [
                    {
                        "SubnetStatus": "Active", 
                        "SubnetIdentifier": "subnet-0227e33076483efba", 
                        "SubnetAvailabilityZone": {
                            "Name": "us-east-2b"
                        }
                    }, 
                    {
                        "SubnetStatus": "Active", 
                        "SubnetIdentifier": "subnet-091e7130795aea550", 
                        "SubnetAvailabilityZone": {
                            "Name": "us-east-2a"
                        }
                    }, 
                    {
                        "SubnetStatus": "Active", 
                        "SubnetIdentifier": "subnet-0ea4afe97243b48e3", 
                        "SubnetAvailabilityZone": {
                            "Name": "us-east-2c"
                        }
                    }
                ], 
                "DBSubnetGroupName": "kbe-test-automation-rdsexchangepostgres-7p0tykxko9n4-databasesubnetgroup-1ds8ke8b24tj", 
                "VpcId": "vpc-0175b4c3af5af9276", 
                "DBSubnetGroupDescription": "Subnets for RDS Postgres DB", 
                "SubnetGroupStatus": "Complete"
            }, 
            "ReadReplicaDBInstanceIdentifiers": [], 
            "AllocatedStorage": 100, 
            "DBInstanceArn": "arn:aws:rds:us-east-2:884998542479:db:kee2e", 
            "BackupRetentionPeriod": 1, 
            "DBName": "kee2e", 
            "PreferredMaintenanceWindow": "sat:03:54-sat:04:24", 
            "Endpoint": {
                "HostedZoneId": "Z2XHWR1WZ565X2", 
                "Port": 5432, 
                "Address": "kee2e.cegoy30fldnu.us-east-2.rds.amazonaws.com"
            }, 
            "DBInstanceStatus": "available", 
            "IAMDatabaseAuthenticationEnabled": false, 
            "EngineVersion": "9.6.11", 
            "AvailabilityZone": "us-east-2b", 
            "DomainMemberships": [], 
            "StorageType": "gp2", 
            "DbiResourceId": "db-W25BGQJYO5XK5UN4ID6HC3NJEE", 
            "CACertificateIdentifier": "rds-ca-2019", 
            "KmsKeyId": "arn:aws:kms:us-east-2:884998542479:key/87327add-2665-4caa-865c-b0b1141479fc", 
            "StorageEncrypted": true, 
            "DBInstanceClass": "db.t3.small", 
            "DbInstancePort": 0, 
            "DBInstanceIdentifier": "kee2e"
        }
    ]
}
