{
    "DBInstances": [
        {
            "PubliclyAccessible": true, 
            "MasterUsername": "kinesisshopdev", 
            "MonitoringInterval": 0, 
            "LicenseModel": "general-public-license", 
            "VpcSecurityGroups": [
                {
                    "Status": "active", 
                    "VpcSecurityGroupId": "sg-ee9f85a6"
                }
            ], 
            "InstanceCreateTime": "2020-01-28T13:45:39.732Z", 
            "CopyTagsToSnapshot": true, 
            "OptionGroupMemberships": [
                {
                    "Status": "in-sync", 
                    "OptionGroupName": "default:mysql-5-7"
                }
            ], 
            "PendingModifiedValues": {}, 
            "Engine": "mysql", 
            "MultiAZ": false, 
            "LatestRestorableTime": "2020-02-03T03:20:00Z", 
            "DBSecurityGroups": [], 
            "DBParameterGroups": [
                {
                    "DBParameterGroupName": "default.mysql5.7", 
                    "ParameterApplyStatus": "in-sync"
                }
            ], 
            "PerformanceInsightsEnabled": false, 
            "AutoMinorVersionUpgrade": true, 
            "PreferredBackupWindow": "10:24-10:54", 
            "DBSubnetGroup": {
                "Subnets": [
                    {
                        "SubnetStatus": "Active", 
                        "SubnetIdentifier": "subnet-3fa17258", 
                        "SubnetAvailabilityZone": {
                            "Name": "us-east-1d"
                        }
                    }, 
                    {
                        "SubnetStatus": "Active", 
                        "SubnetIdentifier": "subnet-60ad372a", 
                        "SubnetAvailabilityZone": {
                            "Name": "us-east-1b"
                        }
                    }, 
                    {
                        "SubnetStatus": "Active", 
                        "SubnetIdentifier": "subnet-c197419d", 
                        "SubnetAvailabilityZone": {
                            "Name": "us-east-1c"
                        }
                    }, 
                    {
                        "SubnetStatus": "Active", 
                        "SubnetIdentifier": "subnet-accf50a3", 
                        "SubnetAvailabilityZone": {
                            "Name": "us-east-1f"
                        }
                    }, 
                    {
                        "SubnetStatus": "Active", 
                        "SubnetIdentifier": "subnet-79a77757", 
                        "SubnetAvailabilityZone": {
                            "Name": "us-east-1a"
                        }
                    }, 
                    {
                        "SubnetStatus": "Active", 
                        "SubnetIdentifier": "subnet-477d9c79", 
                        "SubnetAvailabilityZone": {
                            "Name": "us-east-1e"
                        }
                    }
                ], 
                "DBSubnetGroupName": "default-vpc-bb6a7ac0", 
                "VpcId": "vpc-bb6a7ac0", 
                "DBSubnetGroupDescription": "Created from the RDS Management Console", 
                "SubnetGroupStatus": "Complete"
            }, 
            "ReadReplicaDBInstanceIdentifiers": [], 
            "AllocatedStorage": 20, 
            "DBInstanceArn": "arn:aws:rds:us-east-1:467611179502:db:kinesisshopdev", 
            "BackupRetentionPeriod": 7, 
            "PreferredMaintenanceWindow": "fri:09:02-fri:09:32", 
            "Endpoint": {
                "HostedZoneId": "Z2R2ITUGPM61AM", 
                "Port": 3306, 
                "Address": "kinesisshopdev.cgvb6gbgfdvh.us-east-1.rds.amazonaws.com"
            }, 
            "DBInstanceStatus": "available", 
            "IAMDatabaseAuthenticationEnabled": false, 
            "EngineVersion": "5.7.22", 
            "AvailabilityZone": "us-east-1c", 
            "DomainMemberships": [], 
            "StorageType": "gp2", 
            "DbiResourceId": "db-V4K43FDUZRKCSAT7YYYDWERYJI", 
            "CACertificateIdentifier": "rds-ca-2019", 
            "StorageEncrypted": false, 
            "DBInstanceClass": "db.t2.micro", 
            "DbInstancePort": 0, 
            "DBInstanceIdentifier": "kinesisshopdev"
        }
    ]
}
