{
    "DBInstances": [
        {
            "PubliclyAccessible": false, 
            "MasterUsername": "kinesiswpdevdb", 
            "MonitoringInterval": 0, 
            "LicenseModel": "general-public-license", 
            "VpcSecurityGroups": [
                {
                    "Status": "active", 
                    "VpcSecurityGroupId": "sg-0eb7705cce239129b"
                }
            ], 
            "InstanceCreateTime": "2019-04-16T12:23:49.170Z", 
            "CopyTagsToSnapshot": false, 
            "OptionGroupMemberships": [
                {
                    "Status": "in-sync", 
                    "OptionGroupName": "default:aurora-5-6"
                }
            ], 
            "PendingModifiedValues": {}, 
            "Engine": "aurora", 
            "MultiAZ": false, 
            "DBSecurityGroups": [], 
            "DBParameterGroups": [
                {
                    "DBParameterGroupName": "default.aurora5.6", 
                    "ParameterApplyStatus": "in-sync"
                }
            ], 
            "PerformanceInsightsEnabled": false, 
            "AutoMinorVersionUpgrade": true, 
            "PreferredBackupWindow": "03:48-04:18", 
            "PromotionTier": 1, 
            "DBSubnetGroup": {
                "Subnets": [
                    {
                        "SubnetStatus": "Active", 
                        "SubnetIdentifier": "subnet-06c1fa232cfee6b6e", 
                        "SubnetAvailabilityZone": {
                            "Name": "eu-west-1a"
                        }
                    }, 
                    {
                        "SubnetStatus": "Active", 
                        "SubnetIdentifier": "subnet-099d5756f24c82b58", 
                        "SubnetAvailabilityZone": {
                            "Name": "eu-west-1b"
                        }
                    }
                ], 
                "DBSubnetGroupName": "wp-dev-v1-rds-1upjmyu3uwyfm-datasubnetgroup-x8wswjvxdp33", 
                "VpcId": "vpc-0f5bdf9052d8b0586", 
                "DBSubnetGroupDescription": "RDS Database Subnet Group for WordPress", 
                "SubnetGroupStatus": "Complete"
            }, 
            "ReadReplicaDBInstanceIdentifiers": [], 
            "AllocatedStorage": 1, 
            "DBInstanceArn": "arn:aws:rds:eu-west-1:467611179502:db:wd1nr3i2as9351z", 
            "BackupRetentionPeriod": 30, 
            "DBName": "kinesiswpdevdb", 
            "PreferredMaintenanceWindow": "tue:01:04-tue:01:34", 
            "Endpoint": {
                "HostedZoneId": "Z29XKXDKYMONMX", 
                "Port": 3306, 
                "Address": "wd1nr3i2as9351z.c5puidymkm5l.eu-west-1.rds.amazonaws.com"
            }, 
            "DBInstanceStatus": "available", 
            "IAMDatabaseAuthenticationEnabled": false, 
            "EngineVersion": "5.6.10a", 
            "DeletionProtection": false, 
            "AvailabilityZone": "eu-west-1b", 
            "DomainMemberships": [], 
            "DBClusterIdentifier": "wp-dev-v1-rds-1upjmyu3uwyfm-databasecluster-sj2ojzi5ufu5", 
            "StorageType": "aurora", 
            "DbiResourceId": "db-NNLIMB7TMA22ZXPAMUHCZ6RRVU", 
            "CACertificateIdentifier": "rds-ca-2019", 
            "KmsKeyId": "arn:aws:kms:eu-west-1:467611179502:key/25547310-f071-4e4a-ad73-316975ee3bb3", 
            "StorageEncrypted": true, 
            "AssociatedRoles": [], 
            "DBInstanceClass": "db.t2.small", 
            "DbInstancePort": 0, 
            "DBInstanceIdentifier": "wd1nr3i2as9351z"
        }, 
        {
            "PubliclyAccessible": false, 
            "MasterUsername": "kinesiswpdevdb", 
            "MonitoringInterval": 0, 
            "LicenseModel": "general-public-license", 
            "VpcSecurityGroups": [
                {
                    "Status": "active", 
                    "VpcSecurityGroupId": "sg-0eb7705cce239129b"
                }
            ], 
            "InstanceCreateTime": "2019-04-16T12:19:01.113Z", 
            "CopyTagsToSnapshot": false, 
            "OptionGroupMemberships": [
                {
                    "Status": "in-sync", 
                    "OptionGroupName": "default:aurora-5-6"
                }
            ], 
            "PendingModifiedValues": {}, 
            "Engine": "aurora", 
            "MultiAZ": false, 
            "DBSecurityGroups": [], 
            "DBParameterGroups": [
                {
                    "DBParameterGroupName": "default.aurora5.6", 
                    "ParameterApplyStatus": "in-sync"
                }
            ], 
            "PerformanceInsightsEnabled": false, 
            "AutoMinorVersionUpgrade": true, 
            "PreferredBackupWindow": "03:48-04:18", 
            "PromotionTier": 1, 
            "DBSubnetGroup": {
                "Subnets": [
                    {
                        "SubnetStatus": "Active", 
                        "SubnetIdentifier": "subnet-06c1fa232cfee6b6e", 
                        "SubnetAvailabilityZone": {
                            "Name": "eu-west-1a"
                        }
                    }, 
                    {
                        "SubnetStatus": "Active", 
                        "SubnetIdentifier": "subnet-099d5756f24c82b58", 
                        "SubnetAvailabilityZone": {
                            "Name": "eu-west-1b"
                        }
                    }
                ], 
                "DBSubnetGroupName": "wp-dev-v1-rds-1upjmyu3uwyfm-datasubnetgroup-x8wswjvxdp33", 
                "VpcId": "vpc-0f5bdf9052d8b0586", 
                "DBSubnetGroupDescription": "RDS Database Subnet Group for WordPress", 
                "SubnetGroupStatus": "Complete"
            }, 
            "ReadReplicaDBInstanceIdentifiers": [], 
            "AllocatedStorage": 1, 
            "DBInstanceArn": "arn:aws:rds:eu-west-1:467611179502:db:wd1oxsk25oucass", 
            "BackupRetentionPeriod": 30, 
            "DBName": "kinesiswpdevdb", 
            "PreferredMaintenanceWindow": "sat:04:01-sat:04:31", 
            "Endpoint": {
                "HostedZoneId": "Z29XKXDKYMONMX", 
                "Port": 3306, 
                "Address": "wd1oxsk25oucass.c5puidymkm5l.eu-west-1.rds.amazonaws.com"
            }, 
            "DBInstanceStatus": "available", 
            "IAMDatabaseAuthenticationEnabled": false, 
            "EngineVersion": "5.6.10a", 
            "DeletionProtection": false, 
            "AvailabilityZone": "eu-west-1a", 
            "DomainMemberships": [], 
            "DBClusterIdentifier": "wp-dev-v1-rds-1upjmyu3uwyfm-databasecluster-sj2ojzi5ufu5", 
            "StorageType": "aurora", 
            "DbiResourceId": "db-RHUCEHVGSWIKSAZ2M3A33FZXDY", 
            "CACertificateIdentifier": "rds-ca-2019", 
            "KmsKeyId": "arn:aws:kms:eu-west-1:467611179502:key/25547310-f071-4e4a-ad73-316975ee3bb3", 
            "StorageEncrypted": true, 
            "AssociatedRoles": [], 
            "DBInstanceClass": "db.t2.small", 
            "DbInstancePort": 0, 
            "DBInstanceIdentifier": "wd1oxsk25oucass"
        }, 
        {
            "PubliclyAccessible": false, 
            "MasterUsername": "wplivedb", 
            "MonitoringInterval": 0, 
            "LicenseModel": "general-public-license", 
            "VpcSecurityGroups": [
                {
                    "Status": "active", 
                    "VpcSecurityGroupId": "sg-0fc74924149537ca0"
                }
            ], 
            "InstanceCreateTime": "2019-09-03T15:15:27.183Z", 
            "CopyTagsToSnapshot": false, 
            "OptionGroupMemberships": [
                {
                    "Status": "in-sync", 
                    "OptionGroupName": "default:aurora-5-6"
                }
            ], 
            "PendingModifiedValues": {}, 
            "Engine": "aurora", 
            "MultiAZ": false, 
            "DBSecurityGroups": [], 
            "DBParameterGroups": [
                {
                    "DBParameterGroupName": "default.aurora5.6", 
                    "ParameterApplyStatus": "in-sync"
                }
            ], 
            "PerformanceInsightsEnabled": false, 
            "AutoMinorVersionUpgrade": true, 
            "PreferredBackupWindow": "02:50-03:20", 
            "PromotionTier": 1, 
            "DBSubnetGroup": {
                "Subnets": [
                    {
                        "SubnetStatus": "Active", 
                        "SubnetIdentifier": "subnet-006d94f504dcfb94f", 
                        "SubnetAvailabilityZone": {
                            "Name": "eu-west-1b"
                        }
                    }, 
                    {
                        "SubnetStatus": "Active", 
                        "SubnetIdentifier": "subnet-005f7a5379194c708", 
                        "SubnetAvailabilityZone": {
                            "Name": "eu-west-1a"
                        }
                    }
                ], 
                "DBSubnetGroupName": "wp-live-v1-rds-2rbeefdcr3j4-datasubnetgroup-9a0lr9yf8mxj", 
                "VpcId": "vpc-07515e327d46706e7", 
                "DBSubnetGroupDescription": "RDS Database Subnet Group for WordPress", 
                "SubnetGroupStatus": "Complete"
            }, 
            "ReadReplicaDBInstanceIdentifiers": [], 
            "AllocatedStorage": 1, 
            "DBInstanceArn": "arn:aws:rds:eu-west-1:467611179502:db:wdd3j4uqa5w5mj", 
            "BackupRetentionPeriod": 30, 
            "DBName": "wplivedb", 
            "PreferredMaintenanceWindow": "wed:23:14-wed:23:44", 
            "Endpoint": {
                "HostedZoneId": "Z29XKXDKYMONMX", 
                "Port": 3306, 
                "Address": "wdd3j4uqa5w5mj.c5puidymkm5l.eu-west-1.rds.amazonaws.com"
            }, 
            "DBInstanceStatus": "available", 
            "IAMDatabaseAuthenticationEnabled": false, 
            "EngineVersion": "5.6.10a", 
            "DeletionProtection": false, 
            "AvailabilityZone": "eu-west-1a", 
            "DomainMemberships": [], 
            "DBClusterIdentifier": "wp-live-v1-rds-2rbeefdcr3j4-databasecluster-mmli4dsnkz56", 
            "StorageType": "aurora", 
            "DbiResourceId": "db-JOH6P4ED3FU6NRKH4XZS4VHG24", 
            "CACertificateIdentifier": "rds-ca-2019", 
            "KmsKeyId": "arn:aws:kms:eu-west-1:467611179502:key/25547310-f071-4e4a-ad73-316975ee3bb3", 
            "StorageEncrypted": true, 
            "AssociatedRoles": [], 
            "DBInstanceClass": "db.t2.small", 
            "DbInstancePort": 0, 
            "DBInstanceIdentifier": "wdd3j4uqa5w5mj"
        }, 
        {
            "PubliclyAccessible": false, 
            "MasterUsername": "wplivedb", 
            "MonitoringInterval": 0, 
            "LicenseModel": "general-public-license", 
            "VpcSecurityGroups": [
                {
                    "Status": "active", 
                    "VpcSecurityGroupId": "sg-0fc74924149537ca0"
                }
            ], 
            "InstanceCreateTime": "2019-09-03T15:11:34.677Z", 
            "CopyTagsToSnapshot": false, 
            "OptionGroupMemberships": [
                {
                    "Status": "in-sync", 
                    "OptionGroupName": "default:aurora-5-6"
                }
            ], 
            "PendingModifiedValues": {}, 
            "Engine": "aurora", 
            "MultiAZ": false, 
            "DBSecurityGroups": [], 
            "DBParameterGroups": [
                {
                    "DBParameterGroupName": "default.aurora5.6", 
                    "ParameterApplyStatus": "in-sync"
                }
            ], 
            "PerformanceInsightsEnabled": false, 
            "AutoMinorVersionUpgrade": true, 
            "PreferredBackupWindow": "02:50-03:20", 
            "PromotionTier": 1, 
            "DBSubnetGroup": {
                "Subnets": [
                    {
                        "SubnetStatus": "Active", 
                        "SubnetIdentifier": "subnet-006d94f504dcfb94f", 
                        "SubnetAvailabilityZone": {
                            "Name": "eu-west-1b"
                        }
                    }, 
                    {
                        "SubnetStatus": "Active", 
                        "SubnetIdentifier": "subnet-005f7a5379194c708", 
                        "SubnetAvailabilityZone": {
                            "Name": "eu-west-1a"
                        }
                    }
                ], 
                "DBSubnetGroupName": "wp-live-v1-rds-2rbeefdcr3j4-datasubnetgroup-9a0lr9yf8mxj", 
                "VpcId": "vpc-07515e327d46706e7", 
                "DBSubnetGroupDescription": "RDS Database Subnet Group for WordPress", 
                "SubnetGroupStatus": "Complete"
            }, 
            "ReadReplicaDBInstanceIdentifiers": [], 
            "AllocatedStorage": 1, 
            "DBInstanceArn": "arn:aws:rds:eu-west-1:467611179502:db:wdwo672jxlqcfm", 
            "BackupRetentionPeriod": 30, 
            "DBName": "wplivedb", 
            "PreferredMaintenanceWindow": "tue:00:34-tue:01:04", 
            "Endpoint": {
                "HostedZoneId": "Z29XKXDKYMONMX", 
                "Port": 3306, 
                "Address": "wdwo672jxlqcfm.c5puidymkm5l.eu-west-1.rds.amazonaws.com"
            }, 
            "DBInstanceStatus": "available", 
            "IAMDatabaseAuthenticationEnabled": false, 
            "EngineVersion": "5.6.10a", 
            "DeletionProtection": false, 
            "AvailabilityZone": "eu-west-1b", 
            "DomainMemberships": [], 
            "DBClusterIdentifier": "wp-live-v1-rds-2rbeefdcr3j4-databasecluster-mmli4dsnkz56", 
            "StorageType": "aurora", 
            "DbiResourceId": "db-HOF7Z7FNWCXBU55MV3G5LPHX4E", 
            "CACertificateIdentifier": "rds-ca-2019", 
            "KmsKeyId": "arn:aws:kms:eu-west-1:467611179502:key/25547310-f071-4e4a-ad73-316975ee3bb3", 
            "StorageEncrypted": true, 
            "AssociatedRoles": [], 
            "DBInstanceClass": "db.t2.small", 
            "DbInstancePort": 0, 
            "DBInstanceIdentifier": "wdwo672jxlqcfm"
        }
    ]
}
