{
    "DBInstances": [
        {
            "PubliclyAccessible": true, 
            "MasterUsername": "moviliadmin", 
            "MonitoringInterval": 0, 
            "LicenseModel": "general-public-license", 
            "VpcSecurityGroups": [
                {
                    "Status": "active", 
                    "VpcSecurityGroupId": "sg-0af6cac596715f87a"
                }
            ], 
            "InstanceCreateTime": "2019-05-07T02:52:45.627Z", 
            "CopyTagsToSnapshot": true, 
            "OptionGroupMemberships": [
                {
                    "Status": "in-sync", 
                    "OptionGroupName": "default:mariadb-10-2"
                }
            ], 
            "PendingModifiedValues": {}, 
            "Engine": "mariadb", 
            "MultiAZ": false, 
            "LatestRestorableTime": "2020-02-03T03:20:00Z", 
            "DBSecurityGroups": [], 
            "DBParameterGroups": [
                {
                    "DBParameterGroupName": "default.mariadb10.2", 
                    "ParameterApplyStatus": "in-sync"
                }
            ], 
            "PerformanceInsightsEnabled": false, 
            "AutoMinorVersionUpgrade": true, 
            "PreferredBackupWindow": "06:00-06:30", 
            "DBSubnetGroup": {
                "Subnets": [
                    {
                        "SubnetStatus": "Active", 
                        "SubnetIdentifier": "subnet-03f283022314c3bc2", 
                        "SubnetAvailabilityZone": {
                            "Name": "us-east-2a"
                        }
                    }, 
                    {
                        "SubnetStatus": "Active", 
                        "SubnetIdentifier": "subnet-0b8b975b5fb414f52", 
                        "SubnetAvailabilityZone": {
                            "Name": "us-east-2b"
                        }
                    }, 
                    {
                        "SubnetStatus": "Active", 
                        "SubnetIdentifier": "subnet-0985f4031737b7d5e", 
                        "SubnetAvailabilityZone": {
                            "Name": "us-east-2c"
                        }
                    }
                ], 
                "DBSubnetGroupName": "default", 
                "VpcId": "vpc-0ac90cd7493ec3c3a", 
                "DBSubnetGroupDescription": "default", 
                "SubnetGroupStatus": "Complete"
            }, 
            "ReadReplicaDBInstanceIdentifiers": [], 
            "AllocatedStorage": 20, 
            "DBInstanceArn": "arn:aws:rds:us-east-2:357319336707:db:movilidb", 
            "BackupRetentionPeriod": 7, 
            "DBName": "moviliadmin", 
            "PreferredMaintenanceWindow": "wed:06:47-wed:07:17", 
            "Endpoint": {
                "HostedZoneId": "Z2XHWR1WZ565X2", 
                "Port": 3306, 
                "Address": "movilidb.c1sqsxpdqk76.us-east-2.rds.amazonaws.com"
            }, 
            "DBInstanceStatus": "available", 
            "IAMDatabaseAuthenticationEnabled": false, 
            "EngineVersion": "10.2.21", 
            "AvailabilityZone": "us-east-2c", 
            "DomainMemberships": [], 
            "StorageType": "gp2", 
            "DbiResourceId": "db-I6ZXBN7H3BBTH2ROTXNN7JPLVQ", 
            "CACertificateIdentifier": "rds-ca-2019", 
            "StorageEncrypted": false, 
            "DBInstanceClass": "db.t2.micro", 
            "DbInstancePort": 0, 
            "DBInstanceIdentifier": "movilidb"
        }
    ]
}
