{
    "DBInstances": [
        {
            "PubliclyAccessible": true, 
            "MasterUsername": "adminshok", 
            "MonitoringInterval": 0, 
            "LicenseModel": "general-public-license", 
            "VpcSecurityGroups": [
                {
                    "Status": "active", 
                    "VpcSecurityGroupId": "sg-07fd056f29a2994da"
                }, 
                {
                    "Status": "active", 
                    "VpcSecurityGroupId": "sg-07e46dd875a2aea61"
                }, 
                {
                    "Status": "active", 
                    "VpcSecurityGroupId": "sg-08ca2142"
                }
            ], 
            "InstanceCreateTime": "2019-12-02T20:21:54.491Z", 
            "CopyTagsToSnapshot": true, 
            "OptionGroupMemberships": [
                {
                    "Status": "in-sync", 
                    "OptionGroupName": "ogmariadb102cprp212"
                }
            ], 
            "PendingModifiedValues": {}, 
            "Engine": "mariadb", 
            "MultiAZ": false, 
            "LatestRestorableTime": "2020-02-06T13:20:00Z", 
            "DBSecurityGroups": [], 
            "DBParameterGroups": [
                {
                    "DBParameterGroupName": "mariadbcprp21219", 
                    "ParameterApplyStatus": "in-sync"
                }
            ], 
            "PerformanceInsightsEnabled": false, 
            "AutoMinorVersionUpgrade": true, 
            "PreferredBackupWindow": "07:24-07:54", 
            "DBSubnetGroup": {
                "Subnets": [
                    {
                        "SubnetStatus": "Active", 
                        "SubnetIdentifier": "subnet-6f249141", 
                        "SubnetAvailabilityZone": {
                            "Name": "us-east-1d"
                        }
                    }, 
                    {
                        "SubnetStatus": "Active", 
                        "SubnetIdentifier": "subnet-2f91ef65", 
                        "SubnetAvailabilityZone": {
                            "Name": "us-east-1a"
                        }
                    }, 
                    {
                        "SubnetStatus": "Active", 
                        "SubnetIdentifier": "subnet-2436c91a", 
                        "SubnetAvailabilityZone": {
                            "Name": "us-east-1e"
                        }
                    }, 
                    {
                        "SubnetStatus": "Active", 
                        "SubnetIdentifier": "subnet-6677dc3a", 
                        "SubnetAvailabilityZone": {
                            "Name": "us-east-1b"
                        }
                    }, 
                    {
                        "SubnetStatus": "Active", 
                        "SubnetIdentifier": "subnet-d8e64ebf", 
                        "SubnetAvailabilityZone": {
                            "Name": "us-east-1c"
                        }
                    }, 
                    {
                        "SubnetStatus": "Active", 
                        "SubnetIdentifier": "subnet-205c352f", 
                        "SubnetAvailabilityZone": {
                            "Name": "us-east-1f"
                        }
                    }
                ], 
                "DBSubnetGroupName": "default", 
                "VpcId": "vpc-194ab563", 
                "DBSubnetGroupDescription": "default", 
                "SubnetGroupStatus": "Complete"
            }, 
            "ReadReplicaDBInstanceIdentifiers": [], 
            "AllocatedStorage": 20, 
            "DBInstanceArn": "arn:aws:rds:us-east-1:357319336707:db:shokworks3", 
            "BackupRetentionPeriod": 7, 
            "PreferredMaintenanceWindow": "wed:08:12-wed:08:42", 
            "Endpoint": {
                "HostedZoneId": "Z2R2ITUGPM61AM", 
                "Port": 3306, 
                "Address": "shokworks3.coutryigfemz.us-east-1.rds.amazonaws.com"
            }, 
            "DBInstanceStatus": "available", 
            "IAMDatabaseAuthenticationEnabled": false, 
            "EngineVersion": "10.2.21", 
            "MaxAllocatedStorage": 30, 
            "DeletionProtection": false, 
            "AvailabilityZone": "us-east-1a", 
            "DomainMemberships": [], 
            "StorageType": "gp2", 
            "DbiResourceId": "db-DCI57H3O7HDCR7A5EENS3NPYTI", 
            "CACertificateIdentifier": "rds-ca-2019", 
            "StorageEncrypted": false, 
            "AssociatedRoles": [], 
            "DBInstanceClass": "db.t2.micro", 
            "DbInstancePort": 0, 
            "DBInstanceIdentifier": "shokworks3"
        }, 
        {
            "PubliclyAccessible": true, 
            "MasterUsername": "shokworks3pro2", 
            "MonitoringInterval": 0, 
            "LicenseModel": "general-public-license", 
            "VpcSecurityGroups": [
                {
                    "Status": "active", 
                    "VpcSecurityGroupId": "sg-08ca2142"
                }, 
                {
                    "Status": "active", 
                    "VpcSecurityGroupId": "sg-07fd056f29a2994da"
                }
            ], 
            "InstanceCreateTime": "2019-12-03T15:33:30.583Z", 
            "CopyTagsToSnapshot": true, 
            "OptionGroupMemberships": [
                {
                    "Status": "in-sync", 
                    "OptionGroupName": "ogmariadb102cprp212"
                }
            ], 
            "PendingModifiedValues": {}, 
            "Engine": "mariadb", 
            "MultiAZ": false, 
            "LatestRestorableTime": "2020-02-06T13:20:00Z", 
            "DBSecurityGroups": [], 
            "DBParameterGroups": [
                {
                    "DBParameterGroupName": "mariadbcprp21219", 
                    "ParameterApplyStatus": "in-sync"
                }
            ], 
            "PerformanceInsightsEnabled": false, 
            "AutoMinorVersionUpgrade": false, 
            "PreferredBackupWindow": "04:18-04:48", 
            "DBSubnetGroup": {
                "Subnets": [
                    {
                        "SubnetStatus": "Active", 
                        "SubnetIdentifier": "subnet-6f249141", 
                        "SubnetAvailabilityZone": {
                            "Name": "us-east-1d"
                        }
                    }, 
                    {
                        "SubnetStatus": "Active", 
                        "SubnetIdentifier": "subnet-2f91ef65", 
                        "SubnetAvailabilityZone": {
                            "Name": "us-east-1a"
                        }
                    }, 
                    {
                        "SubnetStatus": "Active", 
                        "SubnetIdentifier": "subnet-2436c91a", 
                        "SubnetAvailabilityZone": {
                            "Name": "us-east-1e"
                        }
                    }, 
                    {
                        "SubnetStatus": "Active", 
                        "SubnetIdentifier": "subnet-6677dc3a", 
                        "SubnetAvailabilityZone": {
                            "Name": "us-east-1b"
                        }
                    }, 
                    {
                        "SubnetStatus": "Active", 
                        "SubnetIdentifier": "subnet-d8e64ebf", 
                        "SubnetAvailabilityZone": {
                            "Name": "us-east-1c"
                        }
                    }, 
                    {
                        "SubnetStatus": "Active", 
                        "SubnetIdentifier": "subnet-205c352f", 
                        "SubnetAvailabilityZone": {
                            "Name": "us-east-1f"
                        }
                    }
                ], 
                "DBSubnetGroupName": "default", 
                "VpcId": "vpc-194ab563", 
                "DBSubnetGroupDescription": "default", 
                "SubnetGroupStatus": "Complete"
            }, 
            "ReadReplicaDBInstanceIdentifiers": [], 
            "AllocatedStorage": 20, 
            "DBInstanceArn": "arn:aws:rds:us-east-1:357319336707:db:shokworks3pro2", 
            "BackupRetentionPeriod": 7, 
            "PreferredMaintenanceWindow": "mon:09:45-mon:10:15", 
            "Endpoint": {
                "HostedZoneId": "Z2R2ITUGPM61AM", 
                "Port": 3306, 
                "Address": "shokworks3pro2.coutryigfemz.us-east-1.rds.amazonaws.com"
            }, 
            "DBInstanceStatus": "available", 
            "IAMDatabaseAuthenticationEnabled": false, 
            "EngineVersion": "10.2.21", 
            "MaxAllocatedStorage": 30, 
            "DeletionProtection": false, 
            "AvailabilityZone": "us-east-1a", 
            "DomainMemberships": [], 
            "StorageType": "gp2", 
            "DbiResourceId": "db-HX3OU74QPYAPEE2V3AOYQEWO5I", 
            "CACertificateIdentifier": "rds-ca-2019", 
            "StorageEncrypted": false, 
            "AssociatedRoles": [], 
            "DBInstanceClass": "db.t2.micro", 
            "DbInstancePort": 0, 
            "DBInstanceIdentifier": "shokworks3pro2"
        }, 
        {
            "PubliclyAccessible": false, 
            "MasterUsername": "shophiadmin", 
            "MonitoringInterval": 0, 
            "LicenseModel": "general-public-license", 
            "VpcSecurityGroups": [
                {
                    "Status": "active", 
                    "VpcSecurityGroupId": "sg-08ca2142"
                }
            ], 
            "InstanceCreateTime": "2019-08-13T22:35:44.564Z", 
            "CopyTagsToSnapshot": true, 
            "OptionGroupMemberships": [
                {
                    "Status": "in-sync", 
                    "OptionGroupName": "default:mariadb-10-2"
                }
            ], 
            "PendingModifiedValues": {}, 
            "Engine": "mariadb", 
            "MultiAZ": false, 
            "LatestRestorableTime": "2020-02-06T13:20:00Z", 
            "DBSecurityGroups": [], 
            "DBParameterGroups": [
                {
                    "DBParameterGroupName": "mariadb102shoktuning", 
                    "ParameterApplyStatus": "in-sync"
                }
            ], 
            "PerformanceInsightsEnabled": false, 
            "AutoMinorVersionUpgrade": true, 
            "PreferredBackupWindow": "06:21-06:51", 
            "DBSubnetGroup": {
                "Subnets": [
                    {
                        "SubnetStatus": "Active", 
                        "SubnetIdentifier": "subnet-6f249141", 
                        "SubnetAvailabilityZone": {
                            "Name": "us-east-1d"
                        }
                    }, 
                    {
                        "SubnetStatus": "Active", 
                        "SubnetIdentifier": "subnet-2f91ef65", 
                        "SubnetAvailabilityZone": {
                            "Name": "us-east-1a"
                        }
                    }, 
                    {
                        "SubnetStatus": "Active", 
                        "SubnetIdentifier": "subnet-2436c91a", 
                        "SubnetAvailabilityZone": {
                            "Name": "us-east-1e"
                        }
                    }, 
                    {
                        "SubnetStatus": "Active", 
                        "SubnetIdentifier": "subnet-6677dc3a", 
                        "SubnetAvailabilityZone": {
                            "Name": "us-east-1b"
                        }
                    }, 
                    {
                        "SubnetStatus": "Active", 
                        "SubnetIdentifier": "subnet-d8e64ebf", 
                        "SubnetAvailabilityZone": {
                            "Name": "us-east-1c"
                        }
                    }, 
                    {
                        "SubnetStatus": "Active", 
                        "SubnetIdentifier": "subnet-205c352f", 
                        "SubnetAvailabilityZone": {
                            "Name": "us-east-1f"
                        }
                    }
                ], 
                "DBSubnetGroupName": "default", 
                "VpcId": "vpc-194ab563", 
                "DBSubnetGroupDescription": "default", 
                "SubnetGroupStatus": "Complete"
            }, 
            "ReadReplicaDBInstanceIdentifiers": [], 
            "AllocatedStorage": 20, 
            "DBInstanceArn": "arn:aws:rds:us-east-1:357319336707:db:shophi-dev-stg", 
            "BackupRetentionPeriod": 7, 
            "PreferredMaintenanceWindow": "wed:04:10-wed:04:40", 
            "Endpoint": {
                "HostedZoneId": "Z2R2ITUGPM61AM", 
                "Port": 3306, 
                "Address": "shophi-dev-stg.coutryigfemz.us-east-1.rds.amazonaws.com"
            }, 
            "DBInstanceStatus": "available", 
            "IAMDatabaseAuthenticationEnabled": false, 
            "EngineVersion": "10.2.21", 
            "MaxAllocatedStorage": 1000, 
            "EnabledCloudwatchLogsExports": [
                "audit", 
                "error", 
                "general", 
                "slowquery"
            ], 
            "DeletionProtection": false, 
            "AvailabilityZone": "us-east-1f", 
            "DomainMemberships": [], 
            "StorageType": "gp2", 
            "DbiResourceId": "db-2B5WMK5S3L62IYD27R3JA2C6HU", 
            "CACertificateIdentifier": "rds-ca-2019", 
            "StorageEncrypted": false, 
            "AssociatedRoles": [], 
            "DBInstanceClass": "db.t2.micro", 
            "DbInstancePort": 0, 
            "DBInstanceIdentifier": "shophi-dev-stg"
        }, 
        {
            "PubliclyAccessible": false, 
            "MasterUsername": "shophisdevstg", 
            "MonitoringInterval": 0, 
            "LicenseModel": "general-public-license", 
            "VpcSecurityGroups": [
                {
                    "Status": "active", 
                    "VpcSecurityGroupId": "sg-08ca2142"
                }
            ], 
            "InstanceCreateTime": "2020-01-30T15:00:57.698Z", 
            "CopyTagsToSnapshot": true, 
            "OptionGroupMemberships": [
                {
                    "Status": "in-sync", 
                    "OptionGroupName": "default:mariadb-10-2"
                }
            ], 
            "PendingModifiedValues": {}, 
            "Engine": "mariadb", 
            "MultiAZ": false, 
            "LatestRestorableTime": "2020-02-06T13:20:00Z", 
            "DBSecurityGroups": [], 
            "DBParameterGroups": [
                {
                    "DBParameterGroupName": "default.mariadb10.2", 
                    "ParameterApplyStatus": "in-sync"
                }
            ], 
            "PerformanceInsightsEnabled": false, 
            "AutoMinorVersionUpgrade": true, 
            "PreferredBackupWindow": "08:43-09:13", 
            "DBSubnetGroup": {
                "Subnets": [
                    {
                        "SubnetStatus": "Active", 
                        "SubnetIdentifier": "subnet-6f249141", 
                        "SubnetAvailabilityZone": {
                            "Name": "us-east-1d"
                        }
                    }, 
                    {
                        "SubnetStatus": "Active", 
                        "SubnetIdentifier": "subnet-2f91ef65", 
                        "SubnetAvailabilityZone": {
                            "Name": "us-east-1a"
                        }
                    }, 
                    {
                        "SubnetStatus": "Active", 
                        "SubnetIdentifier": "subnet-2436c91a", 
                        "SubnetAvailabilityZone": {
                            "Name": "us-east-1e"
                        }
                    }, 
                    {
                        "SubnetStatus": "Active", 
                        "SubnetIdentifier": "subnet-6677dc3a", 
                        "SubnetAvailabilityZone": {
                            "Name": "us-east-1b"
                        }
                    }, 
                    {
                        "SubnetStatus": "Active", 
                        "SubnetIdentifier": "subnet-d8e64ebf", 
                        "SubnetAvailabilityZone": {
                            "Name": "us-east-1c"
                        }
                    }, 
                    {
                        "SubnetStatus": "Active", 
                        "SubnetIdentifier": "subnet-205c352f", 
                        "SubnetAvailabilityZone": {
                            "Name": "us-east-1f"
                        }
                    }
                ], 
                "DBSubnetGroupName": "default", 
                "VpcId": "vpc-194ab563", 
                "DBSubnetGroupDescription": "default", 
                "SubnetGroupStatus": "Complete"
            }, 
            "ReadReplicaDBInstanceIdentifiers": [], 
            "AllocatedStorage": 20, 
            "DBInstanceArn": "arn:aws:rds:us-east-1:357319336707:db:shophisdevstg", 
            "BackupRetentionPeriod": 7, 
            "PreferredMaintenanceWindow": "sun:03:26-sun:03:56", 
            "Endpoint": {
                "HostedZoneId": "Z2R2ITUGPM61AM", 
                "Port": 3306, 
                "Address": "shophisdevstg.coutryigfemz.us-east-1.rds.amazonaws.com"
            }, 
            "DBInstanceStatus": "available", 
            "IAMDatabaseAuthenticationEnabled": false, 
            "EngineVersion": "10.2.21", 
            "DeletionProtection": false, 
            "AvailabilityZone": "us-east-1f", 
            "DomainMemberships": [], 
            "StorageType": "gp2", 
            "DbiResourceId": "db-GZFYECZN3RUBHIIONJC6ZKXGJE", 
            "CACertificateIdentifier": "rds-ca-2019", 
            "StorageEncrypted": false, 
            "AssociatedRoles": [], 
            "DBInstanceClass": "db.t2.micro", 
            "DbInstancePort": 0, 
            "DBInstanceIdentifier": "shophisdevstg"
        }, 
        {
            "PubliclyAccessible": true, 
            "MasterUsername": "shophistadmin", 
            "MonitoringInterval": 0, 
            "LicenseModel": "general-public-license", 
            "VpcSecurityGroups": [
                {
                    "Status": "active", 
                    "VpcSecurityGroupId": "sg-043c6a14422f1b66b"
                }
            ], 
            "InstanceCreateTime": "2018-07-20T14:33:15.693Z", 
            "CopyTagsToSnapshot": true, 
            "OptionGroupMemberships": [
                {
                    "Status": "in-sync", 
                    "OptionGroupName": "mysql57tuningshok"
                }
            ], 
            "PendingModifiedValues": {}, 
            "Engine": "mysql", 
            "MultiAZ": false, 
            "LatestRestorableTime": "2020-02-06T13:20:00Z", 
            "DBSecurityGroups": [], 
            "DBParameterGroups": [
                {
                    "DBParameterGroupName": "default.mysql5.7", 
                    "ParameterApplyStatus": "in-sync"
                }
            ], 
            "PerformanceInsightsEnabled": false, 
            "AutoMinorVersionUpgrade": true, 
            "PreferredBackupWindow": "07:05-07:35", 
            "DBSubnetGroup": {
                "Subnets": [
                    {
                        "SubnetStatus": "Active", 
                        "SubnetIdentifier": "subnet-6f249141", 
                        "SubnetAvailabilityZone": {
                            "Name": "us-east-1d"
                        }
                    }, 
                    {
                        "SubnetStatus": "Active", 
                        "SubnetIdentifier": "subnet-2f91ef65", 
                        "SubnetAvailabilityZone": {
                            "Name": "us-east-1a"
                        }
                    }, 
                    {
                        "SubnetStatus": "Active", 
                        "SubnetIdentifier": "subnet-2436c91a", 
                        "SubnetAvailabilityZone": {
                            "Name": "us-east-1e"
                        }
                    }, 
                    {
                        "SubnetStatus": "Active", 
                        "SubnetIdentifier": "subnet-6677dc3a", 
                        "SubnetAvailabilityZone": {
                            "Name": "us-east-1b"
                        }
                    }, 
                    {
                        "SubnetStatus": "Active", 
                        "SubnetIdentifier": "subnet-d8e64ebf", 
                        "SubnetAvailabilityZone": {
                            "Name": "us-east-1c"
                        }
                    }, 
                    {
                        "SubnetStatus": "Active", 
                        "SubnetIdentifier": "subnet-205c352f", 
                        "SubnetAvailabilityZone": {
                            "Name": "us-east-1f"
                        }
                    }
                ], 
                "DBSubnetGroupName": "default", 
                "VpcId": "vpc-194ab563", 
                "DBSubnetGroupDescription": "default", 
                "SubnetGroupStatus": "Complete"
            }, 
            "ReadReplicaDBInstanceIdentifiers": [], 
            "AllocatedStorage": 30, 
            "DBInstanceArn": "arn:aws:rds:us-east-1:357319336707:db:shophisticated", 
            "BackupRetentionPeriod": 15, 
            "DBName": "shophisticated", 
            "PreferredMaintenanceWindow": "sun:08:06-sun:08:36", 
            "Endpoint": {
                "HostedZoneId": "Z2R2ITUGPM61AM", 
                "Port": 3306, 
                "Address": "shophisticated.coutryigfemz.us-east-1.rds.amazonaws.com"
            }, 
            "DBInstanceStatus": "available", 
            "IAMDatabaseAuthenticationEnabled": false, 
            "EngineVersion": "5.7.21", 
            "EnabledCloudwatchLogsExports": [
                "error", 
                "slowquery"
            ], 
            "DeletionProtection": true, 
            "AvailabilityZone": "us-east-1e", 
            "DomainMemberships": [], 
            "StorageType": "gp2", 
            "DbiResourceId": "db-TJSXU3RRZGMSM5X5OXLO5BGV3M", 
            "CACertificateIdentifier": "rds-ca-2019", 
            "StorageEncrypted": false, 
            "AssociatedRoles": [], 
            "DBInstanceClass": "db.t2.micro", 
            "DbInstancePort": 0, 
            "DBInstanceIdentifier": "shophisticated"
        }, 
        {
            "PubliclyAccessible": true, 
            "MasterUsername": "shophistadmin", 
            "MonitoringInterval": 0, 
            "LicenseModel": "general-public-license", 
            "VpcSecurityGroups": [
                {
                    "Status": "active", 
                    "VpcSecurityGroupId": "sg-08ca2142"
                }
            ], 
            "InstanceCreateTime": "2019-08-12T18:21:12.675Z", 
            "CopyTagsToSnapshot": false, 
            "OptionGroupMemberships": [
                {
                    "Status": "in-sync", 
                    "OptionGroupName": "default:mysql-5-7"
                }
            ], 
            "PendingModifiedValues": {}, 
            "Engine": "mysql", 
            "MultiAZ": false, 
            "LatestRestorableTime": "2020-02-06T13:20:00Z", 
            "DBSecurityGroups": [], 
            "DBParameterGroups": [
                {
                    "DBParameterGroupName": "default.mysql5.7", 
                    "ParameterApplyStatus": "in-sync"
                }
            ], 
            "PerformanceInsightsEnabled": false, 
            "AutoMinorVersionUpgrade": true, 
            "PreferredBackupWindow": "07:05-07:35", 
            "DBSubnetGroup": {
                "Subnets": [
                    {
                        "SubnetStatus": "Active", 
                        "SubnetIdentifier": "subnet-6f249141", 
                        "SubnetAvailabilityZone": {
                            "Name": "us-east-1d"
                        }
                    }, 
                    {
                        "SubnetStatus": "Active", 
                        "SubnetIdentifier": "subnet-2f91ef65", 
                        "SubnetAvailabilityZone": {
                            "Name": "us-east-1a"
                        }
                    }, 
                    {
                        "SubnetStatus": "Active", 
                        "SubnetIdentifier": "subnet-2436c91a", 
                        "SubnetAvailabilityZone": {
                            "Name": "us-east-1e"
                        }
                    }, 
                    {
                        "SubnetStatus": "Active", 
                        "SubnetIdentifier": "subnet-6677dc3a", 
                        "SubnetAvailabilityZone": {
                            "Name": "us-east-1b"
                        }
                    }, 
                    {
                        "SubnetStatus": "Active", 
                        "SubnetIdentifier": "subnet-d8e64ebf", 
                        "SubnetAvailabilityZone": {
                            "Name": "us-east-1c"
                        }
                    }, 
                    {
                        "SubnetStatus": "Active", 
                        "SubnetIdentifier": "subnet-205c352f", 
                        "SubnetAvailabilityZone": {
                            "Name": "us-east-1f"
                        }
                    }
                ], 
                "DBSubnetGroupName": "default", 
                "VpcId": "vpc-194ab563", 
                "DBSubnetGroupDescription": "default", 
                "SubnetGroupStatus": "Complete"
            }, 
            "ReadReplicaDBInstanceIdentifiers": [], 
            "AllocatedStorage": 30, 
            "DBInstanceArn": "arn:aws:rds:us-east-1:357319336707:db:shoprestore", 
            "BackupRetentionPeriod": 15, 
            "DBName": "shophisticated", 
            "PreferredMaintenanceWindow": "sun:08:06-sun:08:36", 
            "Endpoint": {
                "HostedZoneId": "Z2R2ITUGPM61AM", 
                "Port": 3306, 
                "Address": "shoprestore.coutryigfemz.us-east-1.rds.amazonaws.com"
            }, 
            "DBInstanceStatus": "available", 
            "IAMDatabaseAuthenticationEnabled": false, 
            "EngineVersion": "5.7.25", 
            "DeletionProtection": true, 
            "AvailabilityZone": "us-east-1e", 
            "DomainMemberships": [], 
            "StorageType": "gp2", 
            "DbiResourceId": "db-OWX5CMRVOSPDDPAXKBAGWN6JZA", 
            "CACertificateIdentifier": "rds-ca-2019", 
            "StorageEncrypted": false, 
            "AssociatedRoles": [], 
            "DBInstanceClass": "db.t2.micro", 
            "DbInstancePort": 0, 
            "DBInstanceIdentifier": "shoprestore"
        }
    ]
}
